FUSE library version: 2.9.9
unique: 2, opcode: INIT (26), nodeid: 0, insize: 56, pid: 0
INIT: 7.32
flags=0x03fffffb
max_readahead=0x00020000
   INIT: 7.19
   flags=0x00000000
   max_readahead=0x00020000
   max_write=0x00020000
   max_background=0
   congestion_threshold=0
   unique: 2, success, outsize: 40
unique: 4, opcode: LOOKUP (1), nodeid: 1, insize: 46, pid: 324
isfile: 296 is not a file
getattr 0000000000000128 0
isfile: 296 is not a file
isfile: 296 is not a dir
getfile 0000000000000128
getfile 0000000000000128 -> sz 10
   getattr -> link 10
   unique: 4, success, outsize: 144
unique: 6, opcode: GETATTR (3), nodeid: 296, insize: 56, pid: 324
isfile: 296 is not a file
getattr 0000000000000128 0
isfile: 296 is not a file
isfile: 296 is not a dir
getfile 0000000000000128
getfile 0000000000000128 -> sz 10
   getattr -> link 10
   unique: 6, success, outsize: 120
unique: 8, opcode: LOOKUP (1), nodeid: 1, insize: 46, pid: 324
isfile: 296 is not a file
getattr 0000000000000128 0
isfile: 296 is not a file
isfile: 296 is not a dir
getfile 0000000000000128
getfile 0000000000000128 -> sz 10
   getattr -> link 10
   unique: 8, success, outsize: 144
unique: 10, opcode: GETATTR (3), nodeid: 296, insize: 56, pid: 324
isfile: 296 is not a file
getattr 0000000000000128 0
isfile: 296 is not a file
isfile: 296 is not a dir
getfile 0000000000000128
getfile 0000000000000128 -> sz 10
   getattr -> link 10
   unique: 10, success, outsize: 120
unique: 12, opcode: LOOKUP (1), nodeid: 1, insize: 46, pid: 324
isfile: 296 is not a file
getattr 0000000000000128 0
isfile: 296 is not a file
isfile: 296 is not a dir
getfile 0000000000000128
getfile 0000000000000128 -> sz 10
   getattr -> link 10
   unique: 12, success, outsize: 144
unique: 14, opcode: UNLINK (10), nodeid: 1, insize: 46, pid: 324
   unique: 14, success, outsize: 16
unique: 16, opcode: LOOKUP (1), nodeid: 1, insize: 54, pid: 324
isfile: 298 is not a file
getattr 000000000000012a 0
isfile: 298 is not a file
isfile: 298 is not a dir
getfile 000000000000012a
getfile 000000000000012a -> sz 10
   getattr -> link 10
   unique: 16, success, outsize: 144
unique: 18, opcode: FORGET (2), nodeid: 296, insize: 48, pid: 0
unique: 20, opcode: GETATTR (3), nodeid: 298, insize: 56, pid: 324
isfile: 298 is not a file
getattr 000000000000012a 0
isfile: 298 is not a file
isfile: 298 is not a dir
getfile 000000000000012a
getfile 000000000000012a -> sz 10
   getattr -> link 10
   unique: 20, success, outsize: 120
unique: 22, opcode: LOOKUP (1), nodeid: 1, insize: 54, pid: 324
isfile: 298 is not a file
getattr 000000000000012a 0
isfile: 298 is not a file
isfile: 298 is not a dir
getfile 000000000000012a
getfile 000000000000012a -> sz 10
   getattr -> link 10
   unique: 22, success, outsize: 144
unique: 24, opcode: GETATTR (3), nodeid: 298, insize: 56, pid: 324
isfile: 298 is not a file
getattr 000000000000012a 0
isfile: 298 is not a file
isfile: 298 is not a dir
getfile 000000000000012a
getfile 000000000000012a -> sz 10
   getattr -> link 10
   unique: 24, success, outsize: 120
unique: 26, opcode: LOOKUP (1), nodeid: 1, insize: 54, pid: 324
isfile: 298 is not a file
getattr 000000000000012a 0
isfile: 298 is not a file
isfile: 298 is not a dir
getfile 000000000000012a
getfile 000000000000012a -> sz 10
   getattr -> link 10
   unique: 26, success, outsize: 144
unique: 28, opcode: UNLINK (10), nodeid: 1, insize: 54, pid: 324
   unique: 28, success, outsize: 16
unique: 30, opcode: LOOKUP (1), nodeid: 1, insize: 51, pid: 324
isfile: 299 is a file
getattr 000000000000012b 1
isfile: 299 is a file
getfile 000000000000012b
getfile 000000000000012b -> sz 0
   getattr -> 0
   unique: 30, success, outsize: 144
unique: 32, opcode: GETATTR (3), nodeid: 299, insize: 56, pid: 324
isfile: 299 is a file
getattr 000000000000012b 1
isfile: 299 is a file
getfile 000000000000012b
getfile 000000000000012b -> sz 0
   getattr -> 0
   unique: 32, success, outsize: 120
unique: 34, opcode: LOOKUP (1), nodeid: 1, insize: 51, pid: 324
isfile: 299 is a file
getattr 000000000000012b 1
isfile: 299 is a file
getfile 000000000000012b
getfile 000000000000012b -> sz 0
   getattr -> 0
   unique: 34, success, outsize: 144
unique: 36, opcode: GETATTR (3), nodeid: 299, insize: 56, pid: 324
isfile: 299 is a file
getattr 000000000000012b 1
isfile: 299 is a file
getfile 000000000000012b
getfile 000000000000012b -> sz 0
   getattr -> 0
   unique: 36, success, outsize: 120
unique: 38, opcode: LOOKUP (1), nodeid: 1, insize: 51, pid: 324
isfile: 299 is a file
getattr 000000000000012b 1
isfile: 299 is a file
getfile 000000000000012b
getfile 000000000000012b -> sz 0
   getattr -> 0
   unique: 38, success, outsize: 144
unique: 40, opcode: ACCESS (34), nodeid: 299, insize: 48, pid: 324
   unique: 40, error: -38 (Function not implemented), outsize: 16
unique: 42, opcode: LOOKUP (1), nodeid: 1, insize: 51, pid: 324
isfile: 299 is a file
getattr 000000000000012b 1
isfile: 299 is a file
getfile 000000000000012b
getfile 000000000000012b -> sz 0
   getattr -> 0
   unique: 42, success, outsize: 144
unique: 46, opcode: FORGET (2), nodeid: 298, insize: 48, pid: 0
unique: 44, opcode: UNLINK (10), nodeid: 1, insize: 51, pid: 324
   unique: 44, success, outsize: 16
unique: 50, opcode: FORGET (2), nodeid: 299, insize: 48, pid: 0
unique: 48, opcode: LOOKUP (1), nodeid: 1, insize: 52, pid: 324
   unique: 48, error: -2 (No such file or directory), outsize: 16
unique: 52, opcode: LOOKUP (1), nodeid: 1, insize: 52, pid: 324
   unique: 52, error: -2 (No such file or directory), outsize: 16
unique: 54, opcode: LOOKUP (1), nodeid: 1, insize: 46, pid: 325
   unique: 54, error: -2 (No such file or directory), outsize: 16
unique: 56, opcode: LOOKUP (1), nodeid: 1, insize: 46, pid: 325
   unique: 56, error: -2 (No such file or directory), outsize: 16
unique: 58, opcode: SYMLINK (6), nodeid: 1, insize: 57, pid: 325
isfile: 300 is not a file
getattr 000000000000012c 0
isfile: 300 is not a file
isfile: 300 is not a dir
getfile 000000000000012c
getfile 000000000000012c -> sz 10
   getattr -> link 10
   unique: 58, success, outsize: 144
unique: 60, opcode: LOOKUP (1), nodeid: 1, insize: 51, pid: 327
   unique: 60, error: -2 (No such file or directory), outsize: 16
unique: 62, opcode: LOOKUP (1), nodeid: 1, insize: 51, pid: 327
   unique: 62, error: -2 (No such file or directory), outsize: 16
unique: 64, opcode: LOOKUP (1), nodeid: 1, insize: 51, pid: 327
   unique: 64, error: -2 (No such file or directory), outsize: 16
unique: 66, opcode: CREATE (35), nodeid: 1, insize: 67, pid: 327
isfile: 301 is a file
getattr 000000000000012d 1
isfile: 301 is a file
getfile 000000000000012d
getfile 000000000000012d -> sz 0
   getattr -> 0
   unique: 66, success, outsize: 160
OK: create returns.
unique: 68, opcode: GETATTR (3), nodeid: 301, insize: 56, pid: 327
isfile: 301 is a file
getattr 000000000000012d 1
isfile: 301 is a file
getfile 000000000000012d
getfile 000000000000012d -> sz 0
   getattr -> 0
   unique: 68, success, outsize: 120
unique: 70, opcode: GETXATTR (22), nodeid: 301, insize: 68, pid: 327
   unique: 70, error: -38 (Function not implemented), outsize: 16
unique: 72, opcode: WRITE (16), nodeid: 301, insize: 254, pid: 327
   unique: 72, success, outsize: 24
unique: 74, opcode: FLUSH (25), nodeid: 301, insize: 64, pid: 327
   unique: 74, error: -38 (Function not implemented), outsize: 16
unique: 76, opcode: RELEASE (18), nodeid: 301, insize: 64, pid: 0
   unique: 76, success, outsize: 16
unique: 78, opcode: LOOKUP (1), nodeid: 1, insize: 54, pid: 328
   unique: 78, error: -2 (No such file or directory), outsize: 16
unique: 80, opcode: LOOKUP (1), nodeid: 1, insize: 54, pid: 328
   unique: 80, error: -2 (No such file or directory), outsize: 16
unique: 82, opcode: SYMLINK (6), nodeid: 1, insize: 65, pid: 328
isfile: 302 is not a file
getattr 000000000000012e 0
isfile: 302 is not a file
isfile: 302 is not a dir
getfile 000000000000012e
getfile 000000000000012e -> sz 10
   getattr -> link 10
   unique: 82, success, outsize: 144
unique: 84, opcode: LOOKUP (1), nodeid: 1, insize: 54, pid: 329
isfile: 302 is not a file
getattr 000000000000012e 0
isfile: 302 is not a file
isfile: 302 is not a dir
getfile 000000000000012e
getfile 000000000000012e -> sz 10
   getattr -> link 10
   unique: 84, success, outsize: 144
unique: 86, opcode: READLINK (5), nodeid: 302, insize: 40, pid: 329
   unique: 86, success, outsize: 26
unique: 88, opcode: LOOKUP (1), nodeid: 1, insize: 51, pid: 329
isfile: 301 is a file
getattr 000000000000012d 1
isfile: 301 is a file
getfile 000000000000012d
getfile 000000000000012d -> sz 174
   getattr -> 174
   unique: 88, success, outsize: 144
unique: 90, opcode: GETATTR (3), nodeid: 301, insize: 56, pid: 329
isfile: 301 is a file
getattr 000000000000012d 1
isfile: 301 is a file
getfile 000000000000012d
getfile 000000000000012d -> sz 174
   getattr -> 174
   unique: 90, success, outsize: 120
unique: 92, opcode: LOOKUP (1), nodeid: 1, insize: 51, pid: 329
isfile: 301 is a file
getattr 000000000000012d 1
isfile: 301 is a file
getfile 000000000000012d
getfile 000000000000012d -> sz 174
   getattr -> 174
   unique: 92, success, outsize: 144
unique: 94, opcode: GETATTR (3), nodeid: 301, insize: 56, pid: 329
isfile: 301 is a file
getattr 000000000000012d 1
isfile: 301 is a file
getfile 000000000000012d
getfile 000000000000012d -> sz 174
   getattr -> 174
   unique: 94, success, outsize: 120
unique: 96, opcode: LOOKUP (1), nodeid: 1, insize: 51, pid: 330
isfile: 301 is a file
getattr 000000000000012d 1
isfile: 301 is a file
getfile 000000000000012d
getfile 000000000000012d -> sz 174
   getattr -> 174
   unique: 96, success, outsize: 144
unique: 98, opcode: GETATTR (3), nodeid: 301, insize: 56, pid: 330
isfile: 301 is a file
getattr 000000000000012d 1
isfile: 301 is a file
getfile 000000000000012d
getfile 000000000000012d -> sz 174
   getattr -> 174
   unique: 98, success, outsize: 120
unique: 100, opcode: LOOKUP (1), nodeid: 1, insize: 51, pid: 330
isfile: 301 is a file
getattr 000000000000012d 1
isfile: 301 is a file
getfile 000000000000012d
getfile 000000000000012d -> sz 174
   getattr -> 174
   unique: 100, success, outsize: 144
unique: 102, opcode: GETATTR (3), nodeid: 301, insize: 56, pid: 330
isfile: 301 is a file
getattr 000000000000012d 1
isfile: 301 is a file
getfile 000000000000012d
getfile 000000000000012d -> sz 174
   getattr -> 174
   unique: 102, success, outsize: 120
unique: 104, opcode: LOOKUP (1), nodeid: 1, insize: 51, pid: 330
isfile: 301 is a file
getattr 000000000000012d 1
isfile: 301 is a file
getfile 000000000000012d
getfile 000000000000012d -> sz 174
   getattr -> 174
   unique: 104, success, outsize: 144
unique: 106, opcode: LOOKUP (1), nodeid: 1, insize: 51, pid: 330
isfile: 301 is a file
getattr 000000000000012d 1
isfile: 301 is a file
getfile 000000000000012d
getfile 000000000000012d -> sz 174
   getattr -> 174
   unique: 106, success, outsize: 144
unique: 108, opcode: UNLINK (10), nodeid: 1, insize: 51, pid: 330
   unique: 108, success, outsize: 16
unique: 110, opcode: FORGET (2), nodeid: 301, insize: 48, pid: 0
unique: 112, opcode: LOOKUP (1), nodeid: 1, insize: 51, pid: 331
   unique: 112, error: -2 (No such file or directory), outsize: 16
unique: 114, opcode: CREATE (35), nodeid: 1, insize: 67, pid: 331
isfile: 303 is a file
getattr 000000000000012f 1
isfile: 303 is a file
getfile 000000000000012f
getfile 000000000000012f -> sz 0
   getattr -> 0
   unique: 114, success, outsize: 160
OK: create returns.
unique: 116, opcode: SETATTR (4), nodeid: 303, insize: 128, pid: 331
fuseserver_setattr 0x1b0
   unique: 116, error: -38 (Function not implemented), outsize: 16
unique: 118, opcode: LOOKUP (1), nodeid: 1, insize: 51, pid: 331
isfile: 303 is a file
getattr 000000000000012f 1
isfile: 303 is a file
getfile 000000000000012f
getfile 000000000000012f -> sz 0
   getattr -> 0
   unique: 118, success, outsize: 144
unique: 120, opcode: SETATTR (4), nodeid: 303, insize: 128, pid: 331
fuseserver_setattr 0x1b0
   unique: 120, error: -38 (Function not implemented), outsize: 16
unique: 122, opcode: RELEASE (18), nodeid: 303, insize: 64, pid: 0
   unique: 122, success, outsize: 16
unique: 124, opcode: LOOKUP (1), nodeid: 1, insize: 54, pid: 332
isfile: 302 is not a file
getattr 000000000000012e 0
isfile: 302 is not a file
isfile: 302 is not a dir
getfile 000000000000012e
getfile 000000000000012e -> sz 10
   getattr -> link 10
   unique: 124, success, outsize: 144
unique: 126, opcode: READLINK (5), nodeid: 302, insize: 40, pid: 332
   unique: 126, success, outsize: 26
unique: 128, opcode: LOOKUP (1), nodeid: 1, insize: 51, pid: 332
isfile: 303 is a file
getattr 000000000000012f 1
isfile: 303 is a file
getfile 000000000000012f
getfile 000000000000012f -> sz 0
   getattr -> 0
   unique: 128, success, outsize: 144
unique: 130, opcode: GETATTR (3), nodeid: 303, insize: 56, pid: 332
isfile: 303 is a file
getattr 000000000000012f 1
isfile: 303 is a file
getfile 000000000000012f
getfile 000000000000012f -> sz 0
   getattr -> 0
   unique: 130, success, outsize: 120
unique: 132, opcode: LOOKUP (1), nodeid: 1, insize: 51, pid: 332
isfile: 303 is a file
getattr 000000000000012f 1
isfile: 303 is a file
getfile 000000000000012f
getfile 000000000000012f -> sz 0
   getattr -> 0
   unique: 132, success, outsize: 144
unique: 134, opcode: GETATTR (3), nodeid: 303, insize: 56, pid: 332
isfile: 303 is a file
getattr 000000000000012f 1
isfile: 303 is a file
getfile 000000000000012f
getfile 000000000000012f -> sz 0
   getattr -> 0
   unique: 134, success, outsize: 120
unique: 136, opcode: LOOKUP (1), nodeid: 1, insize: 48, pid: 359
   unique: 136, error: -2 (No such file or directory), outsize: 16
unique: 138, opcode: CREATE (35), nodeid: 1, insize: 64, pid: 359
isfile: 305 is a file
getattr 0000000000000131 1
isfile: 305 is a file
getfile 0000000000000131
getfile 0000000000000131 -> sz 0
   getattr -> 0
   unique: 138, success, outsize: 160
OK: create returns.
unique: 140, opcode: SETATTR (4), nodeid: 305, insize: 128, pid: 359
fuseserver_setattr 0x8
   fuseserver_setattr set size to 3072
isfile: 305 is a file
getattr 0000000000000131 1
isfile: 305 is a file
getfile 0000000000000131
getfile 0000000000000131 -> sz 3072
   getattr -> 3072
   unique: 140, success, outsize: 120
unique: 142, opcode: IOCTL (39), nodeid: 305, insize: 72, pid: 359
   unique: 142, error: -38 (Function not implemented), outsize: 16
unique: 144, opcode: WRITE (16), nodeid: 305, insize: 1104, pid: 359
   unique: 144, success, outsize: 24
unique: 146, opcode: WRITE (16), nodeid: 305, insize: 1104, pid: 359
   unique: 146, success, outsize: 24
unique: 148, opcode: WRITE (16), nodeid: 305, insize: 1104, pid: 359
   unique: 148, success, outsize: 24
unique: 150, opcode: WRITE (16), nodeid: 305, insize: 1104, pid: 359
   unique: 150, success, outsize: 24
unique: 152, opcode: WRITE (16), nodeid: 305, insize: 1104, pid: 359
   unique: 152, success, outsize: 24
unique: 154, opcode: WRITE (16), nodeid: 305, insize: 1104, pid: 359
   unique: 154, success, outsize: 24
unique: 156, opcode: WRITE (16), nodeid: 305, insize: 1104, pid: 359
   unique: 156, success, outsize: 24
unique: 158, opcode: WRITE (16), nodeid: 305, insize: 1104, pid: 359
   unique: 158, success, outsize: 24
unique: 160, opcode: WRITE (16), nodeid: 305, insize: 1104, pid: 359
   unique: 160, success, outsize: 24
unique: 162, opcode: WRITE (16), nodeid: 305, insize: 1104, pid: 359
   unique: 162, success, outsize: 24
unique: 164, opcode: WRITE (16), nodeid: 305, insize: 1104, pid: 359
   unique: 164, success, outsize: 24
unique: 166, opcode: WRITE (16), nodeid: 305, insize: 1104, pid: 359
   unique: 166, success, outsize: 24
unique: 168, opcode: WRITE (16), nodeid: 305, insize: 1104, pid: 359
   unique: 168, success, outsize: 24
unique: 170, opcode: WRITE (16), nodeid: 305, insize: 1104, pid: 359
   unique: 170, success, outsize: 24
unique: 172, opcode: WRITE (16), nodeid: 305, insize: 1104, pid: 359
   unique: 172, success, outsize: 24
unique: 174, opcode: WRITE (16), nodeid: 305, insize: 1104, pid: 359
   unique: 174, success, outsize: 24
unique: 176, opcode: WRITE (16), nodeid: 305, insize: 1104, pid: 359
   unique: 176, success, outsize: 24
unique: 178, opcode: WRITE (16), nodeid: 305, insize: 1104, pid: 359
   unique: 178, success, outsize: 24
unique: 180, opcode: WRITE (16), nodeid: 305, insize: 1104, pid: 359
   unique: 180, success, outsize: 24
unique: 182, opcode: WRITE (16), nodeid: 305, insize: 1104, pid: 359
   unique: 182, success, outsize: 24
unique: 184, opcode: WRITE (16), nodeid: 305, insize: 1104, pid: 359
   unique: 184, success, outsize: 24
unique: 186, opcode: WRITE (16), nodeid: 305, insize: 1104, pid: 359
   unique: 186, success, outsize: 24
unique: 188, opcode: WRITE (16), nodeid: 305, insize: 1104, pid: 359
   unique: 188, success, outsize: 24
unique: 190, opcode: WRITE (16), nodeid: 305, insize: 1104, pid: 359
   unique: 190, success, outsize: 24
unique: 192, opcode: WRITE (16), nodeid: 305, insize: 1104, pid: 359
   unique: 192, success, outsize: 24
unique: 194, opcode: WRITE (16), nodeid: 305, insize: 1104, pid: 359
   unique: 194, success, outsize: 24
unique: 196, opcode: WRITE (16), nodeid: 305, insize: 1104, pid: 359
   unique: 196, success, outsize: 24
unique: 198, opcode: WRITE (16), nodeid: 305, insize: 1104, pid: 359
   unique: 198, success, outsize: 24
unique: 200, opcode: WRITE (16), nodeid: 305, insize: 1104, pid: 359
   unique: 200, success, outsize: 24
unique: 202, opcode: WRITE (16), nodeid: 305, insize: 1104, pid: 359
   unique: 202, success, outsize: 24
unique: 204, opcode: RELEASE (18), nodeid: 305, insize: 64, pid: 0
   unique: 204, success, outsize: 16
unique: 206, opcode: LOOKUP (1), nodeid: 1, insize: 48, pid: 360
isfile: 305 is a file
getattr 0000000000000131 1
isfile: 305 is a file
getfile 0000000000000131
getfile 0000000000000131 -> sz 33792
   getattr -> 33792
   unique: 206, success, outsize: 144
unique: 208, opcode: GETATTR (3), nodeid: 305, insize: 56, pid: 360
isfile: 305 is a file
getattr 0000000000000131 1
isfile: 305 is a file
getfile 0000000000000131
getfile 0000000000000131 -> sz 33792
   getattr -> 33792
   unique: 208, success, outsize: 120
unique: 210, opcode: LOOKUP (1), nodeid: 1, insize: 48, pid: 360
isfile: 305 is a file
getattr 0000000000000131 1
isfile: 305 is a file
getfile 0000000000000131
getfile 0000000000000131 -> sz 33792
   getattr -> 33792
   unique: 210, success, outsize: 144
unique: 212, opcode: OPEN (14), nodeid: 305, insize: 48, pid: 360
   unique: 212, success, outsize: 32
unique: 214, opcode: READ (15), nodeid: 305, insize: 80, pid: 360
   unique: 214, success, outsize: 16400
unique: 216, opcode: READ (15), nodeid: 305, insize: 80, pid: 360
   unique: 216, success, outsize: 17424
unique: 218, opcode: GETATTR (3), nodeid: 305, insize: 56, pid: 360
isfile: 305 is a file
getattr 0000000000000131 1
isfile: 305 is a file
getfile 0000000000000131
getfile 0000000000000131 -> sz 33792
   getattr -> 33792
   unique: 218, success, outsize: 120
unique: 220, opcode: GETATTR (3), nodeid: 305, insize: 56, pid: 360
isfile: 305 is a file
getattr 0000000000000131 1
isfile: 305 is a file
getfile 0000000000000131
getfile 0000000000000131 -> sz 33792
   getattr -> 33792
   unique: 220, success, outsize: 120
unique: 222, opcode: RELEASE (18), nodeid: 305, insize: 64, pid: 0
   unique: 222, success, outsize: 16
unique: 224, opcode: LOOKUP (1), nodeid: 1, insize: 48, pid: 361
isfile: 305 is a file
getattr 0000000000000131 1
isfile: 305 is a file
getfile 0000000000000131
getfile 0000000000000131 -> sz 33792
   getattr -> 33792
   unique: 224, success, outsize: 144
unique: 226, opcode: GETATTR (3), nodeid: 305, insize: 56, pid: 361
isfile: 305 is a file
getattr 0000000000000131 1
isfile: 305 is a file
getfile 0000000000000131
getfile 0000000000000131 -> sz 33792
   getattr -> 33792
   unique: 226, success, outsize: 120
unique: 228, opcode: LOOKUP (1), nodeid: 1, insize: 48, pid: 361
isfile: 305 is a file
getattr 0000000000000131 1
isfile: 305 is a file
getfile 0000000000000131
getfile 0000000000000131 -> sz 33792
   getattr -> 33792
   unique: 228, success, outsize: 144
unique: 230, opcode: GETATTR (3), nodeid: 305, insize: 56, pid: 361
isfile: 305 is a file
getattr 0000000000000131 1
isfile: 305 is a file
getfile 0000000000000131
getfile 0000000000000131 -> sz 33792
   getattr -> 33792
   unique: 230, success, outsize: 120
unique: 232, opcode: LOOKUP (1), nodeid: 1, insize: 48, pid: 361
isfile: 305 is a file
getattr 0000000000000131 1
isfile: 305 is a file
getfile 0000000000000131
getfile 0000000000000131 -> sz 33792
   getattr -> 33792
   unique: 232, success, outsize: 144
unique: 234, opcode: LOOKUP (1), nodeid: 1, insize: 48, pid: 361
isfile: 305 is a file
getattr 0000000000000131 1
isfile: 305 is a file
getfile 0000000000000131
getfile 0000000000000131 -> sz 33792
   getattr -> 33792
   unique: 234, success, outsize: 144
unique: 236, opcode: UNLINK (10), nodeid: 1, insize: 48, pid: 361
   unique: 236, success, outsize: 16
unique: 238, opcode: FORGET (2), nodeid: 305, insize: 48, pid: 0
unique: 240, opcode: LOOKUP (1), nodeid: 1, insize: 45, pid: 379
isfile: 306 is not a file
getattr 0000000000000132 0
isfile: 306 is not a file
isfile: 306 is a dir
getdir 0000000000000132
   getattr -> 1634866947 1634866947 1634866947
   unique: 240, success, outsize: 144
unique: 242, opcode: LOOKUP (1), nodeid: 1, insize: 45, pid: 379
isfile: 306 is not a file
getattr 0000000000000132 0
isfile: 306 is not a file
isfile: 306 is a dir
getdir 0000000000000132
   getattr -> 1634866948 1634866948 1634866948
   unique: 242, success, outsize: 144
unique: 244, opcode: LOOKUP (1), nodeid: 306, insize: 43, pid: 379
isfile: 307 is a file
getattr 0000000000000133 1
isfile: 307 is a file
getfile 0000000000000133
getfile 0000000000000133 -> sz 3
   getattr -> 3
   unique: 244, success, outsize: 144
unique: 246, opcode: OPEN (14), nodeid: 307, insize: 48, pid: 379
   unique: 246, success, outsize: 32
unique: 248, opcode: GETATTR (3), nodeid: 307, insize: 56, pid: 379
isfile: 307 is a file
getattr 0000000000000133 1
isfile: 307 is a file
getfile 0000000000000133
getfile 0000000000000133 -> sz 3
   getattr -> 3
   unique: 248, success, outsize: 120
unique: 250, opcode: READ (15), nodeid: 307, insize: 80, pid: 379
   unique: 250, success, outsize: 19
unique: 252, opcode: RELEASE (18), nodeid: 307, insize: 64, pid: 0
   unique: 252, success, outsize: 16
unique: 254, opcode: LOOKUP (1), nodeid: 1, insize: 45, pid: 379
isfile: 306 is not a file
getattr 0000000000000132 0
isfile: 306 is not a file
isfile: 306 is a dir
getdir 0000000000000132
   getattr -> 1634866948 1634866948 1634866948
   unique: 254, success, outsize: 144
unique: 256, opcode: LOOKUP (1), nodeid: 306, insize: 43, pid: 379
isfile: 307 is a file
getattr 0000000000000133 1
isfile: 307 is a file
getfile 0000000000000133
getfile 0000000000000133 -> sz 3
   getattr -> 3
   unique: 256, success, outsize: 144
unique: 258, opcode: UNLINK (10), nodeid: 306, insize: 43, pid: 379
   unique: 258, success, outsize: 16
unique: 260, opcode: FORGET (2), nodeid: 307, insize: 48, pid: 0
unique: 262, opcode: LOOKUP (1), nodeid: 1, insize: 45, pid: 379
isfile: 306 is not a file
getattr 0000000000000132 0
isfile: 306 is not a file
isfile: 306 is a dir
getdir 0000000000000132
   getattr -> 1634866951 1634866951 1634866951
   unique: 262, success, outsize: 144
unique: 264, opcode: LOOKUP (1), nodeid: 306, insize: 43, pid: 379
   unique: 264, error: -2 (No such file or directory), outsize: 16
unique: 266, opcode: LOOKUP (1), nodeid: 1, insize: 45, pid: 379
isfile: 306 is not a file
getattr 0000000000000132 0
isfile: 306 is not a file
isfile: 306 is a dir
getdir 0000000000000132
   getattr -> 1634866952 1634866952 1634866952
   unique: 266, success, outsize: 144
unique: 268, opcode: LOOKUP (1), nodeid: 306, insize: 43, pid: 379
isfile: 309 is a file
getattr 0000000000000135 1
isfile: 309 is a file
getfile 0000000000000135
getfile 0000000000000135 -> sz 3
   getattr -> 3
   unique: 268, success, outsize: 144
unique: 270, opcode: UNLINK (10), nodeid: 306, insize: 43, pid: 379
   unique: 270, success, outsize: 16
unique: 272, opcode: FORGET (2), nodeid: 309, insize: 48, pid: 0
unique: 274, opcode: LOOKUP (1), nodeid: 1, insize: 45, pid: 379
isfile: 306 is not a file
getattr 0000000000000132 0
isfile: 306 is not a file
isfile: 306 is a dir
getdir 0000000000000132
   getattr -> 1634866953 1634866953 1634866953
   unique: 274, success, outsize: 144
unique: 276, opcode: LOOKUP (1), nodeid: 306, insize: 43, pid: 379
   unique: 276, error: -2 (No such file or directory), outsize: 16
unique: 278, opcode: LOOKUP (1), nodeid: 1, insize: 45, pid: 379
isfile: 306 is not a file
getattr 0000000000000132 0
isfile: 306 is not a file
isfile: 306 is a dir
getdir 0000000000000132
   getattr -> 1634866954 1634866954 1634866954
   unique: 278, success, outsize: 144
unique: 280, opcode: LOOKUP (1), nodeid: 306, insize: 43, pid: 379
isfile: 310 is a file
getattr 0000000000000136 1
isfile: 310 is a file
getfile 0000000000000136
getfile 0000000000000136 -> sz 3
   getattr -> 3
   unique: 280, success, outsize: 144
unique: 282, opcode: OPEN (14), nodeid: 310, insize: 48, pid: 379
   unique: 282, success, outsize: 32
unique: 284, opcode: GETATTR (3), nodeid: 310, insize: 56, pid: 379
isfile: 310 is a file
getattr 0000000000000136 1
isfile: 310 is a file
getfile 0000000000000136
getfile 0000000000000136 -> sz 3
   getattr -> 3
   unique: 284, success, outsize: 120
unique: 286, opcode: READ (15), nodeid: 310, insize: 80, pid: 379
   unique: 286, success, outsize: 19
unique: 288, opcode: RELEASE (18), nodeid: 310, insize: 64, pid: 0
   unique: 288, success, outsize: 16
unique: 290, opcode: LOOKUP (1), nodeid: 1, insize: 45, pid: 379
isfile: 306 is not a file
getattr 0000000000000132 0
isfile: 306 is not a file
isfile: 306 is a dir
getdir 0000000000000132
   getattr -> 1634866956 1634866956 1634866956
   unique: 290, success, outsize: 144
unique: 292, opcode: LOOKUP (1), nodeid: 306, insize: 44, pid: 379
   unique: 292, error: -2 (No such file or directory), outsize: 16
unique: 294, opcode: CREATE (35), nodeid: 306, insize: 60, pid: 379
isfile: 311 is a file
getattr 0000000000000137 1
isfile: 311 is a file
getfile 0000000000000137
getfile 0000000000000137 -> sz 0
   getattr -> 0
   unique: 294, success, outsize: 160
OK: create returns.
unique: 296, opcode: WRITE (16), nodeid: 311, insize: 82, pid: 379
   unique: 296, success, outsize: 24
unique: 298, opcode: RELEASE (18), nodeid: 311, insize: 64, pid: 0
   unique: 298, success, outsize: 16
unique: 300, opcode: LOOKUP (1), nodeid: 1, insize: 45, pid: 379
isfile: 306 is not a file
getattr 0000000000000132 0
isfile: 306 is not a file
isfile: 306 is a dir
getdir 0000000000000132
   getattr -> 1634866957 1634866957 1634866957
   unique: 300, success, outsize: 144
unique: 302, opcode: LOOKUP (1), nodeid: 306, insize: 44, pid: 379
isfile: 311 is a file
getattr 0000000000000137 1
isfile: 311 is a file
getfile 0000000000000137
getfile 0000000000000137 -> sz 2
   getattr -> 2
   unique: 302, success, outsize: 144
unique: 304, opcode: UNLINK (10), nodeid: 306, insize: 44, pid: 379
   unique: 304, success, outsize: 16
unique: 308, opcode: FORGET (2), nodeid: 311, insize: 48, pid: 0
unique: 306, opcode: LOOKUP (1), nodeid: 1, insize: 45, pid: 379
isfile: 306 is not a file
getattr 0000000000000132 0
isfile: 306 is not a file
isfile: 306 is a dir
getdir 0000000000000132
   getattr -> 1634866958 1634866958 1634866958
   unique: 306, success, outsize: 144
unique: 310, opcode: LOOKUP (1), nodeid: 306, insize: 43, pid: 379
   unique: 310, error: -2 (No such file or directory), outsize: 16
unique: 314, opcode: FORGET (2), nodeid: 310, insize: 48, pid: 0
unique: 312, opcode: LOOKUP (1), nodeid: 306, insize: 43, pid: 379
   unique: 312, error: -2 (No such file or directory), outsize: 16
unique: 316, opcode: LOOKUP (1), nodeid: 1, insize: 45, pid: 379
isfile: 306 is not a file
getattr 0000000000000132 0
isfile: 306 is not a file
isfile: 306 is a dir
getdir 0000000000000132
   getattr -> 1634866958 1634866958 1634866958
   unique: 316, success, outsize: 144
unique: 318, opcode: LOOKUP (1), nodeid: 306, insize: 43, pid: 379
   unique: 318, error: -2 (No such file or directory), outsize: 16
unique: 320, opcode: CREATE (35), nodeid: 306, insize: 59, pid: 379
isfile: 312 is a file
getattr 0000000000000138 1
isfile: 312 is a file
getfile 0000000000000138
getfile 0000000000000138 -> sz 0
   getattr -> 0
   unique: 320, success, outsize: 160
OK: create returns.
unique: 322, opcode: WRITE (16), nodeid: 312, insize: 83, pid: 379
   unique: 322, success, outsize: 24
unique: 324, opcode: RELEASE (18), nodeid: 312, insize: 64, pid: 0
   unique: 324, success, outsize: 16
unique: 326, opcode: LOOKUP (1), nodeid: 1, insize: 45, pid: 379
isfile: 306 is not a file
getattr 0000000000000132 0
isfile: 306 is not a file
isfile: 306 is a dir
getdir 0000000000000132
   getattr -> 1634866959 1634866959 1634866959
   unique: 326, success, outsize: 144
unique: 328, opcode: LOOKUP (1), nodeid: 306, insize: 43, pid: 379
isfile: 312 is a file
getattr 0000000000000138 1
isfile: 312 is a file
getfile 0000000000000138
getfile 0000000000000138 -> sz 6
   getattr -> 6
   unique: 328, success, outsize: 144
unique: 330, opcode: OPEN (14), nodeid: 312, insize: 48, pid: 379
   unique: 330, success, outsize: 32
unique: 332, opcode: WRITE (16), nodeid: 312, insize: 83, pid: 379
   unique: 332, success, outsize: 24
unique: 334, opcode: RELEASE (18), nodeid: 312, insize: 64, pid: 0
   unique: 334, success, outsize: 16
unique: 336, opcode: LOOKUP (1), nodeid: 1, insize: 45, pid: 379
isfile: 306 is not a file
getattr 0000000000000132 0
isfile: 306 is not a file
isfile: 306 is a dir
getdir 0000000000000132
   getattr -> 1634866959 1634866959 1634866959
   unique: 336, success, outsize: 144
unique: 338, opcode: LOOKUP (1), nodeid: 306, insize: 43, pid: 379
isfile: 312 is a file
getattr 0000000000000138 1
isfile: 312 is a file
getfile 0000000000000138
getfile 0000000000000138 -> sz 9
   getattr -> 9
   unique: 338, success, outsize: 144
unique: 340, opcode: OPEN (14), nodeid: 312, insize: 48, pid: 379
   unique: 340, success, outsize: 32
unique: 342, opcode: GETATTR (3), nodeid: 312, insize: 56, pid: 379
isfile: 312 is a file
getattr 0000000000000138 1
isfile: 312 is a file
getfile 0000000000000138
getfile 0000000000000138 -> sz 9
   getattr -> 9
   unique: 342, success, outsize: 120
unique: 344, opcode: READ (15), nodeid: 312, insize: 80, pid: 379
   unique: 344, success, outsize: 25
unique: 346, opcode: RELEASE (18), nodeid: 312, insize: 64, pid: 0
   unique: 346, success, outsize: 16
unique: 348, opcode: LOOKUP (1), nodeid: 1, insize: 45, pid: 379
isfile: 306 is not a file
getattr 0000000000000132 0
isfile: 306 is not a file
isfile: 306 is a dir
getdir 0000000000000132
   getattr -> 1634866959 1634866959 1634866959
   unique: 348, success, outsize: 144
unique: 350, opcode: OPENDIR (27), nodeid: 306, insize: 48, pid: 379
   unique: 350, success, outsize: 32
unique: 352, opcode: GETATTR (3), nodeid: 306, insize: 56, pid: 379
isfile: 306 is not a file
getattr 0000000000000132 0
isfile: 306 is not a file
isfile: 306 is a dir
getdir 0000000000000132
   getattr -> 1634866959 1634866959 1634866959
   unique: 352, success, outsize: 120
unique: 354, opcode: READDIR (28), nodeid: 306, insize: 80, pid: 379
fuseserver_readdir
isfile: 306 is a dir
   unique: 354, success, outsize: 48
unique: 356, opcode: READDIR (28), nodeid: 306, insize: 80, pid: 379
fuseserver_readdir
isfile: 306 is a dir
   unique: 356, success, outsize: 16
unique: 358, opcode: RELEASEDIR (29), nodeid: 306, insize: 64, pid: 0
   unique: 358, success, outsize: 16
unique: 360, opcode: LOOKUP (1), nodeid: 1, insize: 45, pid: 379
isfile: 306 is not a file
getattr 0000000000000132 0
isfile: 306 is not a file
isfile: 306 is a dir
getdir 0000000000000132
   getattr -> 1634866962 1634866962 1634866962
   unique: 360, success, outsize: 144
unique: 362, opcode: OPENDIR (27), nodeid: 306, insize: 48, pid: 379
   unique: 362, success, outsize: 32
unique: 364, opcode: GETATTR (3), nodeid: 306, insize: 56, pid: 379
isfile: 306 is not a file
getattr 0000000000000132 0
isfile: 306 is not a file
isfile: 306 is a dir
getdir 0000000000000132
   getattr -> 1634866962 1634866962 1634866962
   unique: 364, success, outsize: 120
unique: 366, opcode: READDIR (28), nodeid: 306, insize: 80, pid: 379
fuseserver_readdir
isfile: 306 is a dir
   unique: 366, success, outsize: 16
unique: 368, opcode: RELEASEDIR (29), nodeid: 306, insize: 64, pid: 0
   unique: 368, success, outsize: 16
unique: 370, opcode: LOOKUP (1), nodeid: 1, insize: 45, pid: 379
isfile: 306 is not a file
getattr 0000000000000132 0
isfile: 306 is not a file
isfile: 306 is a dir
getdir 0000000000000132
   getattr -> 1634866962 1634866962 1634866962
   unique: 370, success, outsize: 144
unique: 372, opcode: LOOKUP (1), nodeid: 306, insize: 43, pid: 379
   unique: 372, error: -2 (No such file or directory), outsize: 16
unique: 374, opcode: CREATE (35), nodeid: 306, insize: 59, pid: 379
isfile: 313 is a file
getattr 0000000000000139 1
isfile: 313 is a file
getfile 0000000000000139
getfile 0000000000000139 -> sz 0
   getattr -> 0
   unique: 374, success, outsize: 160
OK: create returns.
unique: 376, opcode: WRITE (16), nodeid: 313, insize: 83, pid: 379
   unique: 376, success, outsize: 24
unique: 378, opcode: RELEASE (18), nodeid: 313, insize: 64, pid: 0
   unique: 378, success, outsize: 16
unique: 380, opcode: LOOKUP (1), nodeid: 1, insize: 45, pid: 379
isfile: 306 is not a file
getattr 0000000000000132 0
isfile: 306 is not a file
isfile: 306 is a dir
getdir 0000000000000132
   getattr -> 1634866964 1634866964 1634866964
   unique: 380, success, outsize: 144
unique: 382, opcode: OPENDIR (27), nodeid: 306, insize: 48, pid: 379
   unique: 382, success, outsize: 32
unique: 384, opcode: GETATTR (3), nodeid: 306, insize: 56, pid: 379
isfile: 306 is not a file
getattr 0000000000000132 0
isfile: 306 is not a file
isfile: 306 is a dir
getdir 0000000000000132
   getattr -> 1634866964 1634866964 1634866964
   unique: 384, success, outsize: 120
unique: 386, opcode: READDIR (28), nodeid: 306, insize: 80, pid: 379
fuseserver_readdir
isfile: 306 is a dir
   unique: 386, success, outsize: 80
unique: 388, opcode: READDIR (28), nodeid: 306, insize: 80, pid: 379
fuseserver_readdir
isfile: 306 is a dir
   unique: 388, success, outsize: 16
unique: 390, opcode: RELEASEDIR (29), nodeid: 306, insize: 64, pid: 0
   unique: 390, success, outsize: 16
unique: 392, opcode: LOOKUP (1), nodeid: 1, insize: 45, pid: 379
isfile: 306 is not a file
getattr 0000000000000132 0
isfile: 306 is not a file
isfile: 306 is a dir
getdir 0000000000000132
   getattr -> 1634866964 1634866964 1634866964
   unique: 392, success, outsize: 144
unique: 394, opcode: LOOKUP (1), nodeid: 306, insize: 43, pid: 379
isfile: 313 is a file
getattr 0000000000000139 1
isfile: 313 is a file
getfile 0000000000000139
getfile 0000000000000139 -> sz 3
   getattr -> 3
   unique: 394, success, outsize: 144
unique: 396, opcode: UNLINK (10), nodeid: 306, insize: 43, pid: 379
   unique: 396, success, outsize: 16
unique: 400, opcode: FORGET (2), nodeid: 313, insize: 48, pid: 0
unique: 398, opcode: LOOKUP (1), nodeid: 1, insize: 45, pid: 379
isfile: 306 is not a file
getattr 0000000000000132 0
isfile: 306 is not a file
isfile: 306 is a dir
getdir 0000000000000132
   getattr -> 1634866966 1634866966 1634866966
   unique: 398, success, outsize: 144
unique: 402, opcode: OPENDIR (27), nodeid: 306, insize: 48, pid: 379
   unique: 402, success, outsize: 32
unique: 404, opcode: GETATTR (3), nodeid: 306, insize: 56, pid: 379
isfile: 306 is not a file
getattr 0000000000000132 0
isfile: 306 is not a file
isfile: 306 is a dir
getdir 0000000000000132
   getattr -> 1634866966 1634866966 1634866966
   unique: 404, success, outsize: 120
unique: 406, opcode: READDIR (28), nodeid: 306, insize: 80, pid: 379
fuseserver_readdir
isfile: 306 is a dir
   unique: 406, success, outsize: 48
unique: 408, opcode: READDIR (28), nodeid: 306, insize: 80, pid: 379
fuseserver_readdir
isfile: 306 is a dir
   unique: 408, success, outsize: 16
unique: 410, opcode: RELEASEDIR (29), nodeid: 306, insize: 64, pid: 0
   unique: 410, success, outsize: 16
unique: 412, opcode: LOOKUP (1), nodeid: 1, insize: 45, pid: 379
isfile: 306 is not a file
getattr 0000000000000132 0
isfile: 306 is not a file
isfile: 306 is a dir
getdir 0000000000000132
   getattr -> 1634866966 1634866966 1634866966
   unique: 412, success, outsize: 144
unique: 414, opcode: LOOKUP (1), nodeid: 306, insize: 43, pid: 379
isfile: 314 is a file
getattr 000000000000013a 1
isfile: 314 is a file
getfile 000000000000013a
getfile 000000000000013a -> sz 3
   getattr -> 3
   unique: 414, success, outsize: 144
unique: 416, opcode: UNLINK (10), nodeid: 306, insize: 43, pid: 379
   unique: 416, success, outsize: 16
unique: 418, opcode: FORGET (2), nodeid: 314, insize: 48, pid: 0
unique: 420, opcode: LOOKUP (1), nodeid: 1, insize: 45, pid: 379
isfile: 306 is not a file
getattr 0000000000000132 0
isfile: 306 is not a file
isfile: 306 is a dir
getdir 0000000000000132
   getattr -> 1634866968 1634866968 1634866968
   unique: 420, success, outsize: 144
unique: 422, opcode: OPENDIR (27), nodeid: 306, insize: 48, pid: 379
   unique: 422, success, outsize: 32
unique: 424, opcode: GETATTR (3), nodeid: 306, insize: 56, pid: 379
isfile: 306 is not a file
getattr 0000000000000132 0
isfile: 306 is not a file
isfile: 306 is a dir
getdir 0000000000000132
   getattr -> 1634866968 1634866968 1634866968
   unique: 424, success, outsize: 120
unique: 426, opcode: READDIR (28), nodeid: 306, insize: 80, pid: 379
fuseserver_readdir
isfile: 306 is a dir
   unique: 426, success, outsize: 16
unique: 428, opcode: RELEASEDIR (29), nodeid: 306, insize: 64, pid: 0
   unique: 428, success, outsize: 16
unique: 430, opcode: LOOKUP (1), nodeid: 1, insize: 45, pid: 379
isfile: 306 is not a file
getattr 0000000000000132 0
isfile: 306 is not a file
isfile: 306 is a dir
getdir 0000000000000132
   getattr -> 1634866970 1634866970 1634866970
   unique: 430, success, outsize: 144
unique: 432, opcode: LOOKUP (1), nodeid: 306, insize: 45, pid: 379
   unique: 432, error: -2 (No such file or directory), outsize: 16
unique: 434, opcode: CREATE (35), nodeid: 306, insize: 61, pid: 379
isfile: 325 is a file
getattr 0000000000000145 1
isfile: 325 is a file
getfile 0000000000000145
getfile 0000000000000145 -> sz 0
   getattr -> 0
   unique: 434, success, outsize: 160
OK: create returns.
unique: 436, opcode: WRITE (16), nodeid: 325, insize: 84, pid: 379
   unique: 436, success, outsize: 24
unique: 438, opcode: RELEASE (18), nodeid: 325, insize: 64, pid: 0
   unique: 438, success, outsize: 16
unique: 440, opcode: LOOKUP (1), nodeid: 1, insize: 45, pid: 379
isfile: 306 is not a file
getattr 0000000000000132 0
isfile: 306 is not a file
isfile: 306 is a dir
getdir 0000000000000132
   getattr -> 1634866971 1634866971 1634866971
   unique: 440, success, outsize: 144
unique: 442, opcode: LOOKUP (1), nodeid: 306, insize: 45, pid: 379
   unique: 442, error: -2 (No such file or directory), outsize: 16
unique: 444, opcode: CREATE (35), nodeid: 306, insize: 61, pid: 379
isfile: 326 is a file
getattr 0000000000000146 1
isfile: 326 is a file
getfile 0000000000000146
getfile 0000000000000146 -> sz 0
   getattr -> 0
   unique: 444, success, outsize: 160
OK: create returns.
unique: 446, opcode: WRITE (16), nodeid: 326, insize: 84, pid: 379
   unique: 446, success, outsize: 24
unique: 448, opcode: RELEASE (18), nodeid: 326, insize: 64, pid: 0
   unique: 448, success, outsize: 16
unique: 450, opcode: LOOKUP (1), nodeid: 1, insize: 45, pid: 379
isfile: 306 is not a file
getattr 0000000000000132 0
isfile: 306 is not a file
isfile: 306 is a dir
getdir 0000000000000132
   getattr -> 1634866971 1634866971 1634866971
   unique: 450, success, outsize: 144
unique: 452, opcode: LOOKUP (1), nodeid: 306, insize: 45, pid: 379
   unique: 452, error: -2 (No such file or directory), outsize: 16
unique: 454, opcode: CREATE (35), nodeid: 306, insize: 61, pid: 379
isfile: 327 is a file
getattr 0000000000000147 1
isfile: 327 is a file
getfile 0000000000000147
getfile 0000000000000147 -> sz 0
   getattr -> 0
   unique: 454, success, outsize: 160
OK: create returns.
unique: 456, opcode: WRITE (16), nodeid: 327, insize: 84, pid: 379
   unique: 456, success, outsize: 24
unique: 458, opcode: RELEASE (18), nodeid: 327, insize: 64, pid: 0
   unique: 458, success, outsize: 16
unique: 460, opcode: LOOKUP (1), nodeid: 1, insize: 45, pid: 379
isfile: 306 is not a file
getattr 0000000000000132 0
isfile: 306 is not a file
isfile: 306 is a dir
getdir 0000000000000132
   getattr -> 1634866971 1634866971 1634866971
   unique: 460, success, outsize: 144
unique: 462, opcode: LOOKUP (1), nodeid: 306, insize: 45, pid: 379
   unique: 462, error: -2 (No such file or directory), outsize: 16
unique: 464, opcode: CREATE (35), nodeid: 306, insize: 61, pid: 379
isfile: 328 is a file
getattr 0000000000000148 1
isfile: 328 is a file
getfile 0000000000000148
getfile 0000000000000148 -> sz 0
   getattr -> 0
   unique: 464, success, outsize: 160
OK: create returns.
unique: 466, opcode: WRITE (16), nodeid: 328, insize: 84, pid: 379
   unique: 466, success, outsize: 24
unique: 468, opcode: RELEASE (18), nodeid: 328, insize: 64, pid: 0
   unique: 468, success, outsize: 16
unique: 470, opcode: LOOKUP (1), nodeid: 1, insize: 45, pid: 379
isfile: 306 is not a file
getattr 0000000000000132 0
isfile: 306 is not a file
isfile: 306 is a dir
getdir 0000000000000132
   getattr -> 1634866971 1634866971 1634866971
   unique: 470, success, outsize: 144
unique: 472, opcode: LOOKUP (1), nodeid: 306, insize: 45, pid: 379
   unique: 472, error: -2 (No such file or directory), outsize: 16
unique: 474, opcode: CREATE (35), nodeid: 306, insize: 61, pid: 379
isfile: 329 is a file
getattr 0000000000000149 1
isfile: 329 is a file
getfile 0000000000000149
getfile 0000000000000149 -> sz 0
   getattr -> 0
   unique: 474, success, outsize: 160
OK: create returns.
unique: 476, opcode: WRITE (16), nodeid: 329, insize: 84, pid: 379
   unique: 476, success, outsize: 24
unique: 478, opcode: RELEASE (18), nodeid: 329, insize: 64, pid: 0
   unique: 478, success, outsize: 16
unique: 480, opcode: LOOKUP (1), nodeid: 1, insize: 45, pid: 379
isfile: 306 is not a file
getattr 0000000000000132 0
isfile: 306 is not a file
isfile: 306 is a dir
getdir 0000000000000132
   getattr -> 1634866971 1634866971 1634866971
   unique: 480, success, outsize: 144
unique: 482, opcode: LOOKUP (1), nodeid: 306, insize: 45, pid: 379
   unique: 482, error: -2 (No such file or directory), outsize: 16
unique: 484, opcode: CREATE (35), nodeid: 306, insize: 61, pid: 379
isfile: 330 is a file
getattr 000000000000014a 1
isfile: 330 is a file
getfile 000000000000014a
getfile 000000000000014a -> sz 0
   getattr -> 0
   unique: 484, success, outsize: 160
OK: create returns.
unique: 486, opcode: WRITE (16), nodeid: 330, insize: 84, pid: 379
   unique: 486, success, outsize: 24
unique: 488, opcode: RELEASE (18), nodeid: 330, insize: 64, pid: 0
   unique: 488, success, outsize: 16
unique: 490, opcode: LOOKUP (1), nodeid: 1, insize: 45, pid: 379
isfile: 306 is not a file
getattr 0000000000000132 0
isfile: 306 is not a file
isfile: 306 is a dir
getdir 0000000000000132
   getattr -> 1634866971 1634866971 1634866971
   unique: 490, success, outsize: 144
unique: 492, opcode: LOOKUP (1), nodeid: 306, insize: 45, pid: 379
   unique: 492, error: -2 (No such file or directory), outsize: 16
unique: 494, opcode: CREATE (35), nodeid: 306, insize: 61, pid: 379
isfile: 331 is a file
getattr 000000000000014b 1
isfile: 331 is a file
getfile 000000000000014b
getfile 000000000000014b -> sz 0
   getattr -> 0
   unique: 494, success, outsize: 160
OK: create returns.
unique: 496, opcode: WRITE (16), nodeid: 331, insize: 84, pid: 379
   unique: 496, success, outsize: 24
unique: 498, opcode: RELEASE (18), nodeid: 331, insize: 64, pid: 0
   unique: 498, success, outsize: 16
unique: 500, opcode: LOOKUP (1), nodeid: 1, insize: 45, pid: 379
isfile: 306 is not a file
getattr 0000000000000132 0
isfile: 306 is not a file
isfile: 306 is a dir
getdir 0000000000000132
   getattr -> 1634866971 1634866971 1634866971
   unique: 500, success, outsize: 144
unique: 502, opcode: LOOKUP (1), nodeid: 306, insize: 45, pid: 379
   unique: 502, error: -2 (No such file or directory), outsize: 16
unique: 504, opcode: CREATE (35), nodeid: 306, insize: 61, pid: 379
isfile: 332 is a file
getattr 000000000000014c 1
isfile: 332 is a file
getfile 000000000000014c
getfile 000000000000014c -> sz 0
   getattr -> 0
   unique: 504, success, outsize: 160
OK: create returns.
unique: 506, opcode: WRITE (16), nodeid: 332, insize: 84, pid: 379
   unique: 506, success, outsize: 24
unique: 508, opcode: RELEASE (18), nodeid: 332, insize: 64, pid: 0
   unique: 508, success, outsize: 16
unique: 510, opcode: LOOKUP (1), nodeid: 1, insize: 45, pid: 379
isfile: 306 is not a file
getattr 0000000000000132 0
isfile: 306 is not a file
isfile: 306 is a dir
getdir 0000000000000132
   getattr -> 1634866971 1634866971 1634866971
   unique: 510, success, outsize: 144
unique: 512, opcode: LOOKUP (1), nodeid: 306, insize: 45, pid: 379
   unique: 512, error: -2 (No such file or directory), outsize: 16
unique: 514, opcode: CREATE (35), nodeid: 306, insize: 61, pid: 379
isfile: 333 is a file
getattr 000000000000014d 1
isfile: 333 is a file
getfile 000000000000014d
getfile 000000000000014d -> sz 0
   getattr -> 0
   unique: 514, success, outsize: 160
OK: create returns.
unique: 516, opcode: WRITE (16), nodeid: 333, insize: 84, pid: 379
   unique: 516, success, outsize: 24
unique: 518, opcode: RELEASE (18), nodeid: 333, insize: 64, pid: 0
   unique: 518, success, outsize: 16
unique: 520, opcode: LOOKUP (1), nodeid: 1, insize: 45, pid: 379
isfile: 306 is not a file
getattr 0000000000000132 0
isfile: 306 is not a file
isfile: 306 is a dir
getdir 0000000000000132
   getattr -> 1634866971 1634866971 1634866971
   unique: 520, success, outsize: 144
unique: 522, opcode: LOOKUP (1), nodeid: 306, insize: 45, pid: 379
   unique: 522, error: -2 (No such file or directory), outsize: 16
unique: 524, opcode: CREATE (35), nodeid: 306, insize: 61, pid: 379
isfile: 334 is a file
getattr 000000000000014e 1
isfile: 334 is a file
getfile 000000000000014e
getfile 000000000000014e -> sz 0
   getattr -> 0
   unique: 524, success, outsize: 160
OK: create returns.
unique: 526, opcode: WRITE (16), nodeid: 334, insize: 84, pid: 379
   unique: 526, success, outsize: 24
unique: 528, opcode: RELEASE (18), nodeid: 334, insize: 64, pid: 0
   unique: 528, success, outsize: 16
unique: 530, opcode: LOOKUP (1), nodeid: 1, insize: 45, pid: 379
isfile: 306 is not a file
getattr 0000000000000132 0
isfile: 306 is not a file
isfile: 306 is a dir
getdir 0000000000000132
   getattr -> 1634866971 1634866971 1634866971
   unique: 530, success, outsize: 144
unique: 532, opcode: OPENDIR (27), nodeid: 306, insize: 48, pid: 379
   unique: 532, success, outsize: 32
unique: 534, opcode: GETATTR (3), nodeid: 306, insize: 56, pid: 379
isfile: 306 is not a file
getattr 0000000000000132 0
isfile: 306 is not a file
isfile: 306 is a dir
getdir 0000000000000132
   getattr -> 1634866971 1634866971 1634866971
   unique: 534, success, outsize: 120
unique: 536, opcode: READDIR (28), nodeid: 306, insize: 80, pid: 379
fuseserver_readdir
isfile: 306 is a dir
   unique: 536, success, outsize: 656
unique: 538, opcode: READDIR (28), nodeid: 306, insize: 80, pid: 379
fuseserver_readdir
isfile: 306 is a dir
   unique: 538, success, outsize: 16
unique: 540, opcode: RELEASEDIR (29), nodeid: 306, insize: 64, pid: 0
   unique: 540, success, outsize: 16
unique: 542, opcode: LOOKUP (1), nodeid: 1, insize: 45, pid: 379
isfile: 306 is not a file
getattr 0000000000000132 0
isfile: 306 is not a file
isfile: 306 is a dir
getdir 0000000000000132
   getattr -> 1634866971 1634866971 1634866971
   unique: 542, success, outsize: 144
unique: 544, opcode: LOOKUP (1), nodeid: 306, insize: 45, pid: 379
isfile: 325 is a file
getattr 0000000000000145 1
isfile: 325 is a file
getfile 0000000000000145
getfile 0000000000000145 -> sz 4
   getattr -> 4
   unique: 544, success, outsize: 144
unique: 546, opcode: OPEN (14), nodeid: 325, insize: 48, pid: 379
   unique: 546, success, outsize: 32
unique: 548, opcode: READ (15), nodeid: 325, insize: 80, pid: 379
   unique: 548, success, outsize: 20
unique: 550, opcode: RELEASE (18), nodeid: 325, insize: 64, pid: 0
   unique: 550, success, outsize: 16
unique: 552, opcode: LOOKUP (1), nodeid: 1, insize: 45, pid: 379
isfile: 306 is not a file
getattr 0000000000000132 0
isfile: 306 is not a file
isfile: 306 is a dir
getdir 0000000000000132
   getattr -> 1634866971 1634866971 1634866971
   unique: 552, success, outsize: 144
unique: 554, opcode: LOOKUP (1), nodeid: 306, insize: 45, pid: 379
isfile: 326 is a file
getattr 0000000000000146 1
isfile: 326 is a file
getfile 0000000000000146
getfile 0000000000000146 -> sz 4
   getattr -> 4
   unique: 554, success, outsize: 144
unique: 556, opcode: OPEN (14), nodeid: 326, insize: 48, pid: 379
   unique: 556, success, outsize: 32
unique: 558, opcode: READ (15), nodeid: 326, insize: 80, pid: 379
   unique: 558, success, outsize: 20
unique: 560, opcode: RELEASE (18), nodeid: 326, insize: 64, pid: 0
   unique: 560, success, outsize: 16
unique: 562, opcode: LOOKUP (1), nodeid: 1, insize: 45, pid: 379
isfile: 306 is not a file
getattr 0000000000000132 0
isfile: 306 is not a file
isfile: 306 is a dir
getdir 0000000000000132
   getattr -> 1634866971 1634866971 1634866971
   unique: 562, success, outsize: 144
unique: 564, opcode: LOOKUP (1), nodeid: 306, insize: 45, pid: 379
isfile: 327 is a file
getattr 0000000000000147 1
isfile: 327 is a file
getfile 0000000000000147
getfile 0000000000000147 -> sz 4
   getattr -> 4
   unique: 564, success, outsize: 144
unique: 566, opcode: OPEN (14), nodeid: 327, insize: 48, pid: 379
   unique: 566, success, outsize: 32
unique: 568, opcode: READ (15), nodeid: 327, insize: 80, pid: 379
   unique: 568, success, outsize: 20
unique: 570, opcode: RELEASE (18), nodeid: 327, insize: 64, pid: 0
   unique: 570, success, outsize: 16
unique: 572, opcode: LOOKUP (1), nodeid: 1, insize: 45, pid: 379
isfile: 306 is not a file
getattr 0000000000000132 0
isfile: 306 is not a file
isfile: 306 is a dir
getdir 0000000000000132
   getattr -> 1634866971 1634866971 1634866971
   unique: 572, success, outsize: 144
unique: 574, opcode: LOOKUP (1), nodeid: 306, insize: 45, pid: 379
isfile: 328 is a file
getattr 0000000000000148 1
isfile: 328 is a file
getfile 0000000000000148
getfile 0000000000000148 -> sz 4
   getattr -> 4
   unique: 574, success, outsize: 144
unique: 576, opcode: OPEN (14), nodeid: 328, insize: 48, pid: 379
   unique: 576, success, outsize: 32
unique: 578, opcode: READ (15), nodeid: 328, insize: 80, pid: 379
   unique: 578, success, outsize: 20
unique: 580, opcode: RELEASE (18), nodeid: 328, insize: 64, pid: 0
   unique: 580, success, outsize: 16
unique: 582, opcode: LOOKUP (1), nodeid: 1, insize: 45, pid: 379
isfile: 306 is not a file
getattr 0000000000000132 0
isfile: 306 is not a file
isfile: 306 is a dir
getdir 0000000000000132
   getattr -> 1634866971 1634866971 1634866971
   unique: 582, success, outsize: 144
unique: 584, opcode: LOOKUP (1), nodeid: 306, insize: 45, pid: 379
isfile: 329 is a file
getattr 0000000000000149 1
isfile: 329 is a file
getfile 0000000000000149
getfile 0000000000000149 -> sz 4
   getattr -> 4
   unique: 584, success, outsize: 144
unique: 586, opcode: OPEN (14), nodeid: 329, insize: 48, pid: 379
   unique: 586, success, outsize: 32
unique: 588, opcode: READ (15), nodeid: 329, insize: 80, pid: 379
   unique: 588, success, outsize: 20
unique: 590, opcode: RELEASE (18), nodeid: 329, insize: 64, pid: 0
   unique: 590, success, outsize: 16
unique: 592, opcode: LOOKUP (1), nodeid: 1, insize: 45, pid: 379
isfile: 306 is not a file
getattr 0000000000000132 0
isfile: 306 is not a file
isfile: 306 is a dir
getdir 0000000000000132
   getattr -> 1634866971 1634866971 1634866971
   unique: 592, success, outsize: 144
unique: 594, opcode: LOOKUP (1), nodeid: 306, insize: 45, pid: 379
isfile: 330 is a file
getattr 000000000000014a 1
isfile: 330 is a file
getfile 000000000000014a
getfile 000000000000014a -> sz 4
   getattr -> 4
   unique: 594, success, outsize: 144
unique: 596, opcode: OPEN (14), nodeid: 330, insize: 48, pid: 379
   unique: 596, success, outsize: 32
unique: 598, opcode: READ (15), nodeid: 330, insize: 80, pid: 379
   unique: 598, success, outsize: 20
unique: 600, opcode: RELEASE (18), nodeid: 330, insize: 64, pid: 0
   unique: 600, success, outsize: 16
unique: 602, opcode: LOOKUP (1), nodeid: 1, insize: 45, pid: 379
isfile: 306 is not a file
getattr 0000000000000132 0
isfile: 306 is not a file
isfile: 306 is a dir
getdir 0000000000000132
   getattr -> 1634866971 1634866971 1634866971
   unique: 602, success, outsize: 144
unique: 604, opcode: LOOKUP (1), nodeid: 306, insize: 45, pid: 379
isfile: 331 is a file
getattr 000000000000014b 1
isfile: 331 is a file
getfile 000000000000014b
getfile 000000000000014b -> sz 4
   getattr -> 4
   unique: 604, success, outsize: 144
unique: 606, opcode: OPEN (14), nodeid: 331, insize: 48, pid: 379
   unique: 606, success, outsize: 32
unique: 608, opcode: READ (15), nodeid: 331, insize: 80, pid: 379
   unique: 608, success, outsize: 20
unique: 610, opcode: RELEASE (18), nodeid: 331, insize: 64, pid: 0
   unique: 610, success, outsize: 16
unique: 612, opcode: LOOKUP (1), nodeid: 1, insize: 45, pid: 379
isfile: 306 is not a file
getattr 0000000000000132 0
isfile: 306 is not a file
isfile: 306 is a dir
getdir 0000000000000132
   getattr -> 1634866971 1634866971 1634866971
   unique: 612, success, outsize: 144
unique: 614, opcode: LOOKUP (1), nodeid: 306, insize: 45, pid: 379
isfile: 332 is a file
getattr 000000000000014c 1
isfile: 332 is a file
getfile 000000000000014c
getfile 000000000000014c -> sz 4
   getattr -> 4
   unique: 614, success, outsize: 144
unique: 616, opcode: OPEN (14), nodeid: 332, insize: 48, pid: 379
   unique: 616, success, outsize: 32
unique: 618, opcode: READ (15), nodeid: 332, insize: 80, pid: 379
   unique: 618, success, outsize: 20
unique: 620, opcode: RELEASE (18), nodeid: 332, insize: 64, pid: 0
   unique: 620, success, outsize: 16
unique: 622, opcode: LOOKUP (1), nodeid: 1, insize: 45, pid: 379
isfile: 306 is not a file
getattr 0000000000000132 0
isfile: 306 is not a file
isfile: 306 is a dir
getdir 0000000000000132
   getattr -> 1634866971 1634866971 1634866971
   unique: 622, success, outsize: 144
unique: 624, opcode: LOOKUP (1), nodeid: 306, insize: 45, pid: 379
isfile: 333 is a file
getattr 000000000000014d 1
isfile: 333 is a file
getfile 000000000000014d
getfile 000000000000014d -> sz 4
   getattr -> 4
   unique: 624, success, outsize: 144
unique: 626, opcode: OPEN (14), nodeid: 333, insize: 48, pid: 379
   unique: 626, success, outsize: 32
unique: 628, opcode: READ (15), nodeid: 333, insize: 80, pid: 379
   unique: 628, success, outsize: 20
unique: 630, opcode: RELEASE (18), nodeid: 333, insize: 64, pid: 0
   unique: 630, success, outsize: 16
unique: 632, opcode: LOOKUP (1), nodeid: 1, insize: 45, pid: 379
isfile: 306 is not a file
getattr 0000000000000132 0
isfile: 306 is not a file
isfile: 306 is a dir
getdir 0000000000000132
   getattr -> 1634866971 1634866971 1634866971
   unique: 632, success, outsize: 144
unique: 634, opcode: LOOKUP (1), nodeid: 306, insize: 45, pid: 379
isfile: 334 is a file
getattr 000000000000014e 1
isfile: 334 is a file
getfile 000000000000014e
getfile 000000000000014e -> sz 4
   getattr -> 4
   unique: 634, success, outsize: 144
unique: 636, opcode: OPEN (14), nodeid: 334, insize: 48, pid: 379
   unique: 636, success, outsize: 32
unique: 638, opcode: READ (15), nodeid: 334, insize: 80, pid: 379
   unique: 638, success, outsize: 20
unique: 640, opcode: RELEASE (18), nodeid: 334, insize: 64, pid: 0
   unique: 640, success, outsize: 16
unique: 642, opcode: LOOKUP (1), nodeid: 1, insize: 45, pid: 379
isfile: 306 is not a file
getattr 0000000000000132 0
isfile: 306 is not a file
isfile: 306 is a dir
getdir 0000000000000132
   getattr -> 1634866971 1634866971 1634866971
   unique: 642, success, outsize: 144
unique: 644, opcode: LOOKUP (1), nodeid: 306, insize: 45, pid: 379
isfile: 315 is a file
getattr 000000000000013b 1
isfile: 315 is a file
getfile 000000000000013b
getfile 000000000000013b -> sz 4
   getattr -> 4
   unique: 644, success, outsize: 144
unique: 646, opcode: OPEN (14), nodeid: 315, insize: 48, pid: 379
   unique: 646, success, outsize: 32
unique: 648, opcode: READ (15), nodeid: 315, insize: 80, pid: 379
   unique: 648, success, outsize: 20
unique: 650, opcode: RELEASE (18), nodeid: 315, insize: 64, pid: 0
   unique: 650, success, outsize: 16
unique: 652, opcode: LOOKUP (1), nodeid: 1, insize: 45, pid: 379
isfile: 306 is not a file
getattr 0000000000000132 0
isfile: 306 is not a file
isfile: 306 is a dir
getdir 0000000000000132
   getattr -> 1634866971 1634866971 1634866971
   unique: 652, success, outsize: 144
unique: 654, opcode: LOOKUP (1), nodeid: 306, insize: 45, pid: 379
isfile: 316 is a file
getattr 000000000000013c 1
isfile: 316 is a file
getfile 000000000000013c
getfile 000000000000013c -> sz 4
   getattr -> 4
   unique: 654, success, outsize: 144
unique: 656, opcode: OPEN (14), nodeid: 316, insize: 48, pid: 379
   unique: 656, success, outsize: 32
unique: 658, opcode: READ (15), nodeid: 316, insize: 80, pid: 379
   unique: 658, success, outsize: 20
unique: 660, opcode: RELEASE (18), nodeid: 316, insize: 64, pid: 0
   unique: 660, success, outsize: 16
unique: 662, opcode: LOOKUP (1), nodeid: 1, insize: 45, pid: 379
isfile: 306 is not a file
getattr 0000000000000132 0
isfile: 306 is not a file
isfile: 306 is a dir
getdir 0000000000000132
   getattr -> 1634866971 1634866971 1634866971
   unique: 662, success, outsize: 144
unique: 664, opcode: LOOKUP (1), nodeid: 306, insize: 45, pid: 379
isfile: 317 is a file
getattr 000000000000013d 1
isfile: 317 is a file
getfile 000000000000013d
getfile 000000000000013d -> sz 4
   getattr -> 4
   unique: 664, success, outsize: 144
unique: 666, opcode: OPEN (14), nodeid: 317, insize: 48, pid: 379
   unique: 666, success, outsize: 32
unique: 668, opcode: READ (15), nodeid: 317, insize: 80, pid: 379
   unique: 668, success, outsize: 20
unique: 670, opcode: RELEASE (18), nodeid: 317, insize: 64, pid: 0
   unique: 670, success, outsize: 16
unique: 672, opcode: LOOKUP (1), nodeid: 1, insize: 45, pid: 379
isfile: 306 is not a file
getattr 0000000000000132 0
isfile: 306 is not a file
isfile: 306 is a dir
getdir 0000000000000132
   getattr -> 1634866971 1634866971 1634866971
   unique: 672, success, outsize: 144
unique: 674, opcode: LOOKUP (1), nodeid: 306, insize: 45, pid: 379
isfile: 318 is a file
getattr 000000000000013e 1
isfile: 318 is a file
getfile 000000000000013e
getfile 000000000000013e -> sz 4
   getattr -> 4
   unique: 674, success, outsize: 144
unique: 676, opcode: OPEN (14), nodeid: 318, insize: 48, pid: 379
   unique: 676, success, outsize: 32
unique: 678, opcode: READ (15), nodeid: 318, insize: 80, pid: 379
   unique: 678, success, outsize: 20
unique: 680, opcode: RELEASE (18), nodeid: 318, insize: 64, pid: 0
   unique: 680, success, outsize: 16
unique: 682, opcode: LOOKUP (1), nodeid: 1, insize: 45, pid: 379
isfile: 306 is not a file
getattr 0000000000000132 0
isfile: 306 is not a file
isfile: 306 is a dir
getdir 0000000000000132
   getattr -> 1634866971 1634866971 1634866971
   unique: 682, success, outsize: 144
unique: 684, opcode: LOOKUP (1), nodeid: 306, insize: 45, pid: 379
isfile: 319 is a file
getattr 000000000000013f 1
isfile: 319 is a file
getfile 000000000000013f
getfile 000000000000013f -> sz 4
   getattr -> 4
   unique: 684, success, outsize: 144
unique: 686, opcode: OPEN (14), nodeid: 319, insize: 48, pid: 379
   unique: 686, success, outsize: 32
unique: 688, opcode: READ (15), nodeid: 319, insize: 80, pid: 379
   unique: 688, success, outsize: 20
unique: 690, opcode: RELEASE (18), nodeid: 319, insize: 64, pid: 0
   unique: 690, success, outsize: 16
unique: 692, opcode: LOOKUP (1), nodeid: 1, insize: 45, pid: 379
isfile: 306 is not a file
getattr 0000000000000132 0
isfile: 306 is not a file
isfile: 306 is a dir
getdir 0000000000000132
   getattr -> 1634866971 1634866971 1634866971
   unique: 692, success, outsize: 144
unique: 694, opcode: LOOKUP (1), nodeid: 306, insize: 45, pid: 379
isfile: 320 is a file
getattr 0000000000000140 1
isfile: 320 is a file
getfile 0000000000000140
getfile 0000000000000140 -> sz 4
   getattr -> 4
   unique: 694, success, outsize: 144
unique: 696, opcode: OPEN (14), nodeid: 320, insize: 48, pid: 379
   unique: 696, success, outsize: 32
unique: 698, opcode: READ (15), nodeid: 320, insize: 80, pid: 379
   unique: 698, success, outsize: 20
unique: 700, opcode: RELEASE (18), nodeid: 320, insize: 64, pid: 0
   unique: 700, success, outsize: 16
unique: 702, opcode: LOOKUP (1), nodeid: 1, insize: 45, pid: 379
isfile: 306 is not a file
getattr 0000000000000132 0
isfile: 306 is not a file
isfile: 306 is a dir
getdir 0000000000000132
   getattr -> 1634866971 1634866971 1634866971
   unique: 702, success, outsize: 144
unique: 704, opcode: LOOKUP (1), nodeid: 306, insize: 45, pid: 379
isfile: 321 is a file
getattr 0000000000000141 1
isfile: 321 is a file
getfile 0000000000000141
getfile 0000000000000141 -> sz 4
   getattr -> 4
   unique: 704, success, outsize: 144
unique: 706, opcode: OPEN (14), nodeid: 321, insize: 48, pid: 379
   unique: 706, success, outsize: 32
unique: 708, opcode: READ (15), nodeid: 321, insize: 80, pid: 379
   unique: 708, success, outsize: 20
unique: 710, opcode: RELEASE (18), nodeid: 321, insize: 64, pid: 0
   unique: 710, success, outsize: 16
unique: 712, opcode: LOOKUP (1), nodeid: 1, insize: 45, pid: 379
isfile: 306 is not a file
getattr 0000000000000132 0
isfile: 306 is not a file
isfile: 306 is a dir
getdir 0000000000000132
   getattr -> 1634866971 1634866971 1634866971
   unique: 712, success, outsize: 144
unique: 714, opcode: LOOKUP (1), nodeid: 306, insize: 45, pid: 379
isfile: 322 is a file
getattr 0000000000000142 1
isfile: 322 is a file
getfile 0000000000000142
getfile 0000000000000142 -> sz 4
   getattr -> 4
   unique: 714, success, outsize: 144
unique: 716, opcode: OPEN (14), nodeid: 322, insize: 48, pid: 379
   unique: 716, success, outsize: 32
unique: 718, opcode: READ (15), nodeid: 322, insize: 80, pid: 379
   unique: 718, success, outsize: 20
unique: 720, opcode: RELEASE (18), nodeid: 322, insize: 64, pid: 0
   unique: 720, success, outsize: 16
unique: 722, opcode: LOOKUP (1), nodeid: 1, insize: 45, pid: 379
isfile: 306 is not a file
getattr 0000000000000132 0
isfile: 306 is not a file
isfile: 306 is a dir
getdir 0000000000000132
   getattr -> 1634866971 1634866971 1634866971
   unique: 722, success, outsize: 144
unique: 724, opcode: LOOKUP (1), nodeid: 306, insize: 45, pid: 379
isfile: 323 is a file
getattr 0000000000000143 1
isfile: 323 is a file
getfile 0000000000000143
getfile 0000000000000143 -> sz 4
   getattr -> 4
   unique: 724, success, outsize: 144
unique: 726, opcode: OPEN (14), nodeid: 323, insize: 48, pid: 379
   unique: 726, success, outsize: 32
unique: 728, opcode: READ (15), nodeid: 323, insize: 80, pid: 379
   unique: 728, success, outsize: 20
unique: 730, opcode: RELEASE (18), nodeid: 323, insize: 64, pid: 0
   unique: 730, success, outsize: 16
unique: 732, opcode: LOOKUP (1), nodeid: 1, insize: 45, pid: 379
isfile: 306 is not a file
getattr 0000000000000132 0
isfile: 306 is not a file
isfile: 306 is a dir
getdir 0000000000000132
   getattr -> 1634866971 1634866971 1634866971
   unique: 732, success, outsize: 144
unique: 734, opcode: LOOKUP (1), nodeid: 306, insize: 45, pid: 379
isfile: 324 is a file
getattr 0000000000000144 1
isfile: 324 is a file
getfile 0000000000000144
getfile 0000000000000144 -> sz 4
   getattr -> 4
   unique: 734, success, outsize: 144
unique: 736, opcode: OPEN (14), nodeid: 324, insize: 48, pid: 379
   unique: 736, success, outsize: 32
unique: 738, opcode: READ (15), nodeid: 324, insize: 80, pid: 379
   unique: 738, success, outsize: 20
unique: 740, opcode: RELEASE (18), nodeid: 324, insize: 64, pid: 0
   unique: 740, success, outsize: 16
unique: 742, opcode: LOOKUP (1), nodeid: 1, insize: 45, pid: 379
isfile: 306 is not a file
getattr 0000000000000132 0
isfile: 306 is not a file
isfile: 306 is a dir
getdir 0000000000000132
   getattr -> 1634866975 1634866975 1634866975
   unique: 742, success, outsize: 144
unique: 744, opcode: LOOKUP (1), nodeid: 306, insize: 45, pid: 379
isfile: 325 is a file
getattr 0000000000000145 1
isfile: 325 is a file
getfile 0000000000000145
getfile 0000000000000145 -> sz 4
   getattr -> 4
   unique: 744, success, outsize: 144
unique: 746, opcode: UNLINK (10), nodeid: 306, insize: 45, pid: 379
   unique: 746, success, outsize: 16
unique: 750, opcode: FORGET (2), nodeid: 325, insize: 48, pid: 0
unique: 748, opcode: LOOKUP (1), nodeid: 1, insize: 45, pid: 379
isfile: 306 is not a file
getattr 0000000000000132 0
isfile: 306 is not a file
isfile: 306 is a dir
getdir 0000000000000132
   getattr -> 1634866976 1634866976 1634866976
   unique: 748, success, outsize: 144
unique: 752, opcode: LOOKUP (1), nodeid: 306, insize: 45, pid: 379
isfile: 326 is a file
getattr 0000000000000146 1
isfile: 326 is a file
getfile 0000000000000146
getfile 0000000000000146 -> sz 4
   getattr -> 4
   unique: 752, success, outsize: 144
unique: 754, opcode: UNLINK (10), nodeid: 306, insize: 45, pid: 379
   unique: 754, success, outsize: 16
unique: 758, opcode: FORGET (2), nodeid: 326, insize: 48, pid: 0
unique: 756, opcode: LOOKUP (1), nodeid: 1, insize: 45, pid: 379
isfile: 306 is not a file
getattr 0000000000000132 0
isfile: 306 is not a file
isfile: 306 is a dir
getdir 0000000000000132
   getattr -> 1634866976 1634866976 1634866976
   unique: 756, success, outsize: 144
unique: 760, opcode: LOOKUP (1), nodeid: 306, insize: 45, pid: 379
isfile: 327 is a file
getattr 0000000000000147 1
isfile: 327 is a file
getfile 0000000000000147
getfile 0000000000000147 -> sz 4
   getattr -> 4
   unique: 760, success, outsize: 144
unique: 762, opcode: UNLINK (10), nodeid: 306, insize: 45, pid: 379
   unique: 762, success, outsize: 16
unique: 766, opcode: FORGET (2), nodeid: 327, insize: 48, pid: 0
unique: 764, opcode: LOOKUP (1), nodeid: 1, insize: 45, pid: 379
isfile: 306 is not a file
getattr 0000000000000132 0
isfile: 306 is not a file
isfile: 306 is a dir
getdir 0000000000000132
   getattr -> 1634866976 1634866976 1634866976
   unique: 764, success, outsize: 144
unique: 768, opcode: LOOKUP (1), nodeid: 306, insize: 45, pid: 379
isfile: 328 is a file
getattr 0000000000000148 1
isfile: 328 is a file
getfile 0000000000000148
getfile 0000000000000148 -> sz 4
   getattr -> 4
   unique: 768, success, outsize: 144
unique: 770, opcode: UNLINK (10), nodeid: 306, insize: 45, pid: 379
   unique: 770, success, outsize: 16
unique: 774, opcode: FORGET (2), nodeid: 328, insize: 48, pid: 0
unique: 772, opcode: LOOKUP (1), nodeid: 1, insize: 45, pid: 379
isfile: 306 is not a file
getattr 0000000000000132 0
isfile: 306 is not a file
isfile: 306 is a dir
getdir 0000000000000132
   getattr -> 1634866976 1634866976 1634866976
   unique: 772, success, outsize: 144
unique: 776, opcode: LOOKUP (1), nodeid: 306, insize: 45, pid: 379
isfile: 329 is a file
getattr 0000000000000149 1
isfile: 329 is a file
getfile 0000000000000149
getfile 0000000000000149 -> sz 4
   getattr -> 4
   unique: 776, success, outsize: 144
unique: 778, opcode: UNLINK (10), nodeid: 306, insize: 45, pid: 379
   unique: 778, success, outsize: 16
unique: 782, opcode: FORGET (2), nodeid: 329, insize: 48, pid: 0
unique: 780, opcode: LOOKUP (1), nodeid: 1, insize: 45, pid: 379
isfile: 306 is not a file
getattr 0000000000000132 0
isfile: 306 is not a file
isfile: 306 is a dir
getdir 0000000000000132
   getattr -> 1634866976 1634866976 1634866976
   unique: 780, success, outsize: 144
unique: 784, opcode: LOOKUP (1), nodeid: 306, insize: 45, pid: 379
isfile: 330 is a file
getattr 000000000000014a 1
isfile: 330 is a file
getfile 000000000000014a
getfile 000000000000014a -> sz 4
   getattr -> 4
   unique: 784, success, outsize: 144
unique: 786, opcode: UNLINK (10), nodeid: 306, insize: 45, pid: 379
   unique: 786, success, outsize: 16
unique: 790, opcode: FORGET (2), nodeid: 330, insize: 48, pid: 0
unique: 788, opcode: LOOKUP (1), nodeid: 1, insize: 45, pid: 379
isfile: 306 is not a file
getattr 0000000000000132 0
isfile: 306 is not a file
isfile: 306 is a dir
getdir 0000000000000132
   getattr -> 1634866976 1634866976 1634866976
   unique: 788, success, outsize: 144
unique: 792, opcode: LOOKUP (1), nodeid: 306, insize: 45, pid: 379
isfile: 331 is a file
getattr 000000000000014b 1
isfile: 331 is a file
getfile 000000000000014b
getfile 000000000000014b -> sz 4
   getattr -> 4
   unique: 792, success, outsize: 144
unique: 794, opcode: UNLINK (10), nodeid: 306, insize: 45, pid: 379
   unique: 794, success, outsize: 16
unique: 798, opcode: FORGET (2), nodeid: 331, insize: 48, pid: 0
unique: 796, opcode: LOOKUP (1), nodeid: 1, insize: 45, pid: 379
isfile: 306 is not a file
getattr 0000000000000132 0
isfile: 306 is not a file
isfile: 306 is a dir
getdir 0000000000000132
   getattr -> 1634866976 1634866976 1634866976
   unique: 796, success, outsize: 144
unique: 800, opcode: LOOKUP (1), nodeid: 306, insize: 45, pid: 379
isfile: 332 is a file
getattr 000000000000014c 1
isfile: 332 is a file
getfile 000000000000014c
getfile 000000000000014c -> sz 4
   getattr -> 4
   unique: 800, success, outsize: 144
unique: 802, opcode: UNLINK (10), nodeid: 306, insize: 45, pid: 379
   unique: 802, success, outsize: 16
unique: 806, opcode: FORGET (2), nodeid: 332, insize: 48, pid: 0
unique: 804, opcode: LOOKUP (1), nodeid: 1, insize: 45, pid: 379
isfile: 306 is not a file
getattr 0000000000000132 0
isfile: 306 is not a file
isfile: 306 is a dir
getdir 0000000000000132
   getattr -> 1634866977 1634866977 1634866977
   unique: 804, success, outsize: 144
unique: 808, opcode: LOOKUP (1), nodeid: 306, insize: 45, pid: 379
isfile: 333 is a file
getattr 000000000000014d 1
isfile: 333 is a file
getfile 000000000000014d
getfile 000000000000014d -> sz 4
   getattr -> 4
   unique: 808, success, outsize: 144
unique: 810, opcode: UNLINK (10), nodeid: 306, insize: 45, pid: 379
   unique: 810, success, outsize: 16
unique: 814, opcode: FORGET (2), nodeid: 333, insize: 48, pid: 0
unique: 812, opcode: LOOKUP (1), nodeid: 1, insize: 45, pid: 379
isfile: 306 is not a file
getattr 0000000000000132 0
isfile: 306 is not a file
isfile: 306 is a dir
getdir 0000000000000132
   getattr -> 1634866977 1634866977 1634866977
   unique: 812, success, outsize: 144
unique: 816, opcode: LOOKUP (1), nodeid: 306, insize: 45, pid: 379
isfile: 334 is a file
getattr 000000000000014e 1
isfile: 334 is a file
getfile 000000000000014e
getfile 000000000000014e -> sz 4
   getattr -> 4
   unique: 816, success, outsize: 144
unique: 818, opcode: UNLINK (10), nodeid: 306, insize: 45, pid: 379
   unique: 818, success, outsize: 16
unique: 820, opcode: FORGET (2), nodeid: 334, insize: 48, pid: 0
unique: 822, opcode: LOOKUP (1), nodeid: 1, insize: 45, pid: 379
isfile: 306 is not a file
getattr 0000000000000132 0
isfile: 306 is not a file
isfile: 306 is a dir
getdir 0000000000000132
   getattr -> 1634866978 1634866978 1634866978
   unique: 822, success, outsize: 144
unique: 824, opcode: LOOKUP (1), nodeid: 306, insize: 43, pid: 379
isfile: 335 is a file
getattr 000000000000014f 1
isfile: 335 is a file
getfile 000000000000014f
getfile 000000000000014f -> sz 20000
   getattr -> 20000
   unique: 824, success, outsize: 144
unique: 826, opcode: OPEN (14), nodeid: 335, insize: 48, pid: 379
   unique: 826, success, outsize: 32
unique: 828, opcode: GETATTR (3), nodeid: 335, insize: 56, pid: 379
isfile: 335 is a file
getattr 000000000000014f 1
isfile: 335 is a file
getfile 000000000000014f
getfile 000000000000014f -> sz 20000
   getattr -> 20000
   unique: 828, success, outsize: 120
unique: 830, opcode: READ (15), nodeid: 335, insize: 80, pid: 379
   unique: 830, success, outsize: 20016
unique: 832, opcode: RELEASE (18), nodeid: 335, insize: 64, pid: 0
   unique: 832, success, outsize: 16
