Running 1 Tests ...
Test (part2.raft_view_server): Test simple view server raft group
tx[0] begin
tx[0] put <key, value> = <0, 1804289383>
tx[0] get <key, value> = <0, ?>
shard_client[1] get <key, val> = <0, } from tx_region[0]
tx[0] get <key, value> = <0, 0> ~ from shard_client[1]
tx[0] put <key, value> = <1, 1804289384>
tx[0] get <key, value> = <1, ?>
shard_client[1] get <key, val> = <1, } from tx_region[0]
tx[0] get <key, value> = <1, 0> ~ from shard_client[1]
tx[0] put <key, value> = <2, 1804289385>
tx[0] get <key, value> = <2, ?>
shard_client[2] get <key, val> = <2, } from tx_region[0]
tx[0] get <key, value> = <2, 0> ~ from shard_client[2]
tx[0] put <key, value> = <3, 1804289386>
tx[0] get <key, value> = <3, ?>
shard_client[3] get <key, val> = <3, } from tx_region[0]
tx[0] get <key, value> = <3, 0> ~ from shard_client[3]
tx[0] put <key, value> = <4, 1804289387>
tx[0] get <key, value> = <4, ?>
shard_client[4] get <key, val> = <4, } from tx_region[0]
tx[0] get <key, value> = <4, 0> ~ from shard_client[4]
tx[0] put <key, value> = <5, 1804289388>
tx[0] get <key, value> = <5, ?>
shard_client[1] get <key, val> = <5, } from tx_region[0]
tx[0] get <key, value> = <5, 0> ~ from shard_client[1]
tx[0] put <key, value> = <6, 1804289389>
tx[0] get <key, value> = <6, ?>
shard_client[1] get <key, val> = <6, } from tx_region[0]
tx[0] get <key, value> = <6, 0> ~ from shard_client[1]
tx[0] put <key, value> = <7, 1804289390>
tx[0] get <key, value> = <7, ?>
shard_client[2] get <key, val> = <7, } from tx_region[0]
tx[0] get <key, value> = <7, 0> ~ from shard_client[2]
tx[0] put <key, value> = <8, 1804289391>
tx[0] get <key, value> = <8, ?>
shard_client[3] get <key, val> = <8, } from tx_region[0]
tx[0] get <key, value> = <8, 0> ~ from shard_client[3]
tx[0] put <key, value> = <9, 1804289392>
tx[0] get <key, value> = <9, ?>
shard_client[4] get <key, val> = <9, } from tx_region[0]
tx[0] get <key, value> = <9, 0> ~ from shard_client[4]
tx[0] put <key, value> = <10, 1804289393>
tx[0] get <key, value> = <10, ?>
shard_client[1] get <key, val> = <10, } from tx_region[0]
tx[0] get <key, value> = <10, 0> ~ from shard_client[1]
tx[0] put <key, value> = <11, 1804289394>
tx[0] get <key, value> = <11, ?>
shard_client[1] get <key, val> = <11, } from tx_region[0]
tx[0] get <key, value> = <11, 0> ~ from shard_client[1]
tx[0] put <key, value> = <12, 1804289395>
tx[0] get <key, value> = <12, ?>
shard_client[2] get <key, val> = <12, } from tx_region[0]
tx[0] get <key, value> = <12, 0> ~ from shard_client[2]
tx[0] put <key, value> = <13, 1804289396>
tx[0] get <key, value> = <13, ?>
shard_client[3] get <key, val> = <13, } from tx_region[0]
tx[0] get <key, value> = <13, 0> ~ from shard_client[3]
tx[0] put <key, value> = <14, 1804289397>
tx[0] get <key, value> = <14, ?>
shard_client[4] get <key, val> = <14, } from tx_region[0]
tx[0] get <key, value> = <14, 0> ~ from shard_client[4]
tx[0] put <key, value> = <15, 1804289398>
tx[0] get <key, value> = <15, ?>
shard_client[1] get <key, val> = <15, } from tx_region[0]
tx[0] get <key, value> = <15, 0> ~ from shard_client[1]
tx[0] put <key, value> = <16, 1804289399>
tx[0] get <key, value> = <16, ?>
shard_client[1] get <key, val> = <16, } from tx_region[0]
tx[0] get <key, value> = <16, 0> ~ from shard_client[1]
tx[0] put <key, value> = <17, 1804289400>
tx[0] get <key, value> = <17, ?>
shard_client[2] get <key, val> = <17, } from tx_region[0]
tx[0] get <key, value> = <17, 0> ~ from shard_client[2]
tx[0] put <key, value> = <18, 1804289401>
tx[0] get <key, value> = <18, ?>
shard_client[3] get <key, val> = <18, } from tx_region[0]
tx[0] get <key, value> = <18, 0> ~ from shard_client[3]
tx[0] put <key, value> = <19, 1804289402>
tx[0] get <key, value> = <19, ?>
shard_client[4] get <key, val> = <19, } from tx_region[0]
tx[0] get <key, value> = <19, 0> ~ from shard_client[4]
tx[0] get <key, value> = <0, ?>
tx[0] get <key, value> = <0, 1804289383> ~ from tx_region cache
tx[0] get <key, value> = <1, ?>
tx[0] get <key, value> = <1, 1804289384> ~ from tx_region cache
tx[0] get <key, value> = <2, ?>
tx[0] get <key, value> = <2, 1804289385> ~ from tx_region cache
tx[0] get <key, value> = <3, ?>
tx[0] get <key, value> = <3, 1804289386> ~ from tx_region cache
tx[0] get <key, value> = <4, ?>
tx[0] get <key, value> = <4, 1804289387> ~ from tx_region cache
tx[0] get <key, value> = <5, ?>
tx[0] get <key, value> = <5, 1804289388> ~ from tx_region cache
tx[0] get <key, value> = <6, ?>
tx[0] get <key, value> = <6, 1804289389> ~ from tx_region cache
tx[0] get <key, value> = <7, ?>
tx[0] get <key, value> = <7, 1804289390> ~ from tx_region cache
tx[0] get <key, value> = <8, ?>
tx[0] get <key, value> = <8, 1804289391> ~ from tx_region cache
tx[0] get <key, value> = <9, ?>
tx[0] get <key, value> = <9, 1804289392> ~ from tx_region cache
tx[0] get <key, value> = <10, ?>
tx[0] get <key, value> = <10, 1804289393> ~ from tx_region cache
tx[0] get <key, value> = <11, ?>
tx[0] get <key, value> = <11, 1804289394> ~ from tx_region cache
tx[0] get <key, value> = <12, ?>
tx[0] get <key, value> = <12, 1804289395> ~ from tx_region cache
tx[0] get <key, value> = <13, ?>
tx[0] get <key, value> = <13, 1804289396> ~ from tx_region cache
tx[0] get <key, value> = <14, ?>
tx[0] get <key, value> = <14, 1804289397> ~ from tx_region cache
tx[0] get <key, value> = <15, ?>
tx[0] get <key, value> = <15, 1804289398> ~ from tx_region cache
tx[0] get <key, value> = <16, ?>
tx[0] get <key, value> = <16, 1804289399> ~ from tx_region cache
tx[0] get <key, value> = <17, ?>
tx[0] get <key, value> = <17, 1804289400> ~ from tx_region cache
tx[0] get <key, value> = <18, ?>
tx[0] get <key, value> = <18, 1804289401> ~ from tx_region cache
tx[0] get <key, value> = <19, ?>
tx[0] get <key, value> = <19, 1804289402> ~ from tx_region cache
shard_client[1] prepare check... from tx[0]
shard_client[1] prepare Yes from tx[0]
WARNING: Do Not Understand This Method
shard_client[2] prepare check... from tx[0]
shard_client[2] prepare Yes from tx[0]
WARNING: Do Not Understand This Method
shard_client[3] prepare check... from tx[0]
shard_client[3] prepare Yes from tx[0]
WARNING: Do Not Understand This Method
shard_client[4] prepare check... from tx[0]
shard_client[4] prepare Yes from tx[0]
WARNING: Do Not Understand This Method
tx[0] can commit ? Yes
shard_client[1] prepare check... from tx[0]
shard_client[1] prepare Yes from tx[0]
WARNING: Do Not Understand This Method
shard_client[2] prepare check... from tx[0]
shard_client[2] prepare Yes from tx[0]
WARNING: Do Not Understand This Method
shard_client[3] prepare check... from tx[0]
shard_client[3] prepare Yes from tx[0]
WARNING: Do Not Understand This Method
shard_client[4] prepare check... from tx[0]
shard_client[4] prepare Yes from tx[0]
WARNING: Do Not Understand This Method
tx[0] can commit ? Yes
tx[0] commit
shard_client[1] start commit... from tx[0]
	shard_client[1] commit <key, val> = <0, 1804289383>
	shard_client[1] commit <key, val> = <1, 1804289384>
	shard_client[1] commit <key, val> = <5, 1804289388>
	shard_client[1] commit <key, val> = <6, 1804289389>
	shard_client[1] commit <key, val> = <10, 1804289393>
	shard_client[1] commit <key, val> = <11, 1804289394>
	shard_client[1] commit <key, val> = <15, 1804289398>
	shard_client[1] commit <key, val> = <16, 1804289399>
shard_client[1] commit successfully from tx[0]
shard_client[2] start commit... from tx[0]
	shard_client[2] commit <key, val> = <2, 1804289385>
	shard_client[2] commit <key, val> = <7, 1804289390>
	shard_client[2] commit <key, val> = <12, 1804289395>
	shard_client[2] commit <key, val> = <17, 1804289400>
shard_client[2] commit successfully from tx[0]
shard_client[3] start commit... from tx[0]
	shard_client[3] commit <key, val> = <3, 1804289386>
	shard_client[3] commit <key, val> = <8, 1804289391>
	shard_client[3] commit <key, val> = <13, 1804289396>
	shard_client[3] commit <key, val> = <18, 1804289401>
shard_client[3] commit successfully from tx[0]
shard_client[4] start commit... from tx[0]
	shard_client[4] commit <key, val> = <4, 1804289387>
	shard_client[4] commit <key, val> = <9, 1804289392>
	shard_client[4] commit <key, val> = <14, 1804289397>
	shard_client[4] commit <key, val> = <19, 1804289402>
shard_client[4] commit successfully from tx[0]
tx[1] begin
tx[1] get <key, value> = <0, ?>
shard_client[1] get <key, val> = <0, 1804289383> from tx_region[1]
tx[1] get <key, value> = <0, 1804289383> ~ from shard_client[1]
tx[1] get <key, value> = <1, ?>
shard_client[1] get <key, val> = <1, 1804289384> from tx_region[1]
tx[1] get <key, value> = <1, 1804289384> ~ from shard_client[1]
tx[1] get <key, value> = <2, ?>
shard_client[2] get <key, val> = <2, 1804289385> from tx_region[1]
tx[1] get <key, value> = <2, 1804289385> ~ from shard_client[2]
tx[1] get <key, value> = <3, ?>
shard_client[3] get <key, val> = <3, 1804289386> from tx_region[1]
tx[1] get <key, value> = <3, 1804289386> ~ from shard_client[3]
tx[1] get <key, value> = <4, ?>
shard_client[4] get <key, val> = <4, 1804289387> from tx_region[1]
tx[1] get <key, value> = <4, 1804289387> ~ from shard_client[4]
tx[1] get <key, value> = <5, ?>
shard_client[1] get <key, val> = <5, 1804289388> from tx_region[1]
tx[1] get <key, value> = <5, 1804289388> ~ from shard_client[1]
tx[1] get <key, value> = <6, ?>
shard_client[1] get <key, val> = <6, 1804289389> from tx_region[1]
tx[1] get <key, value> = <6, 1804289389> ~ from shard_client[1]
tx[1] get <key, value> = <7, ?>
shard_client[2] get <key, val> = <7, 1804289390> from tx_region[1]
tx[1] get <key, value> = <7, 1804289390> ~ from shard_client[2]
tx[1] get <key, value> = <8, ?>
shard_client[3] get <key, val> = <8, 1804289391> from tx_region[1]
tx[1] get <key, value> = <8, 1804289391> ~ from shard_client[3]
tx[1] get <key, value> = <9, ?>
shard_client[4] get <key, val> = <9, 1804289392> from tx_region[1]
tx[1] get <key, value> = <9, 1804289392> ~ from shard_client[4]
tx[1] get <key, value> = <10, ?>
shard_client[1] get <key, val> = <10, 1804289393> from tx_region[1]
tx[1] get <key, value> = <10, 1804289393> ~ from shard_client[1]
tx[1] get <key, value> = <11, ?>
shard_client[1] get <key, val> = <11, 1804289394> from tx_region[1]
tx[1] get <key, value> = <11, 1804289394> ~ from shard_client[1]
tx[1] get <key, value> = <12, ?>
shard_client[2] get <key, val> = <12, 1804289395> from tx_region[1]
tx[1] get <key, value> = <12, 1804289395> ~ from shard_client[2]
tx[1] get <key, value> = <13, ?>
shard_client[3] get <key, val> = <13, 1804289396> from tx_region[1]
tx[1] get <key, value> = <13, 1804289396> ~ from shard_client[3]
tx[1] get <key, value> = <14, ?>
shard_client[4] get <key, val> = <14, 1804289397> from tx_region[1]
tx[1] get <key, value> = <14, 1804289397> ~ from shard_client[4]
tx[1] get <key, value> = <15, ?>
shard_client[1] get <key, val> = <15, 1804289398> from tx_region[1]
tx[1] get <key, value> = <15, 1804289398> ~ from shard_client[1]
tx[1] get <key, value> = <16, ?>
shard_client[1] get <key, val> = <16, 1804289399> from tx_region[1]
tx[1] get <key, value> = <16, 1804289399> ~ from shard_client[1]
tx[1] get <key, value> = <17, ?>
shard_client[2] get <key, val> = <17, 1804289400> from tx_region[1]
tx[1] get <key, value> = <17, 1804289400> ~ from shard_client[2]
tx[1] get <key, value> = <18, ?>
shard_client[3] get <key, val> = <18, 1804289401> from tx_region[1]
tx[1] get <key, value> = <18, 1804289401> ~ from shard_client[3]
tx[1] get <key, value> = <19, ?>
shard_client[4] get <key, val> = <19, 1804289402> from tx_region[1]
tx[1] get <key, value> = <19, 1804289402> ~ from shard_client[4]
tx[1] can commit ? Yes
tx[1] can commit ? Yes
tx[1] commit
shard_client[1] start commit... from tx[1]
shard_client[1] commit successfully from tx[1]
shard_client[2] start commit... from tx[1]
shard_client[2] commit successfully from tx[1]
shard_client[3] start commit... from tx[1]
shard_client[3] commit successfully from tx[1]
shard_client[4] start commit... from tx[1]
shard_client[4] commit successfully from tx[1]
Pass (part2.raft_view_server). wall-time: 157.09s, user-time: 2.76s, sys-time: 2.44s
Pass 1/1 tests. wall-time: 157.09s, user-time: 2.76s, sys-time: 2.44s
